0 verbose cli C:\Program Files\nodejs\node.exe C:\Users\HP\AppData\Roaming\npm\node_modules\npm\bin\npm-cli.js
1 info using npm@11.13.0
2 info using node@v22.20.0
3 silly config load:file:C:\Users\HP\AppData\Roaming\npm\node_modules\npm\npmrc
4 silly config load:file:C:\Users\HP\mamaai\.npmrc
5 silly config load:file:C:\Users\HP\.npmrc
6 silly config load:file:C:\Users\HP\AppData\Roaming\npm\etc\npmrc
7 verbose title npm audit
8 verbose argv "audit" "--cache" ".npm-cache"
9 verbose logfile logs-max:10 dir:C:\Users\HP\mamaai\.npm-cache\_logs\2026-07-19T15_15_24_938Z-
10 verbose logfile C:\Users\HP\mamaai\.npm-cache\_logs\2026-07-19T15_15_24_938Z-debug-0.log
11 silly logfile done cleaning log files
12 silly packumentCache heap:2197815296 maxSize:549453824 maxEntrySize:274726912
13 silly audit bulk request {
13 silly audit   semver: [ '7.8.5' ],
13 silly audit   '@emnapi/runtime': [ '1.10.0' ],
13 silly audit   '@img/colour': [ '1.1.0' ],
13 silly audit   '@img/sharp-darwin-arm64': [ '0.34.5' ],
13 silly audit   '@img/sharp-darwin-x64': [ '0.34.5' ],
13 silly audit   '@img/sharp-libvips-darwin-arm64': [ '1.2.4' ],
13 silly audit   '@img/sharp-libvips-darwin-x64': [ '1.2.4' ],
13 silly audit   '@img/sharp-libvips-linux-arm': [ '1.2.4' ],
13 silly audit   '@img/sharp-libvips-linux-arm64': [ '1.2.4' ],
13 silly audit   '@img/sharp-libvips-linux-ppc64': [ '1.2.4' ],
13 silly audit   '@img/sharp-libvips-linux-riscv64': [ '1.2.4' ],
13 silly audit   '@img/sharp-libvips-linux-s390x': [ '1.2.4' ],
13 silly audit   '@img/sharp-libvips-linux-x64': [ '1.2.4' ],
13 silly audit   '@img/sharp-libvips-linuxmusl-arm64': [ '1.2.4' ],
13 silly audit   '@img/sharp-libvips-linuxmusl-x64': [ '1.2.4' ],
13 silly audit   '@img/sharp-linux-arm': [ '0.34.5' ],
13 silly audit   '@img/sharp-linux-arm64': [ '0.34.5' ],
13 silly audit   '@img/sharp-linux-ppc64': [ '0.34.5' ],
13 silly audit   '@img/sharp-linux-riscv64': [ '0.34.5' ],
13 silly audit   '@img/sharp-linux-s390x': [ '0.34.5' ],
13 silly audit   '@img/sharp-linux-x64': [ '0.34.5' ],
13 silly audit   '@img/sharp-linuxmusl-arm64': [ '0.34.5' ],
13 silly audit   '@img/sharp-linuxmusl-x64': [ '0.34.5' ],
13 silly audit   '@img/sharp-wasm32': [ '0.34.5' ],
13 silly audit   '@img/sharp-win32-arm64': [ '0.34.5' ],
13 silly audit   '@img/sharp-win32-ia32': [ '0.34.5' ],
13 silly audit   '@img/sharp-win32-x64': [ '0.34.5' ],
13 silly audit   '@next/env': [ '16.2.10' ],
13 silly audit   '@next/swc-darwin-arm64': [ '16.2.10' ],
13 silly audit   '@next/swc-darwin-x64': [ '16.2.10' ],
13 silly audit   '@next/swc-linux-arm64-gnu': [ '16.2.10' ],
13 silly audit   '@next/swc-linux-arm64-musl': [ '16.2.10' ],
13 silly audit   '@next/swc-linux-x64-gnu': [ '16.2.10' ],
13 silly audit   '@next/swc-linux-x64-musl': [ '16.2.10' ],
13 silly audit   '@next/swc-win32-arm64-msvc': [ '16.2.10' ],
13 silly audit   '@next/swc-win32-x64-msvc': [ '16.2.10' ],
13 silly audit   '@swc/helpers': [ '0.5.15' ],
13 silly audit   'baseline-browser-mapping': [ '2.10.43' ],
13 silly audit   'caniuse-lite': [ '1.0.30001806' ],
13 silly audit   'client-only': [ '0.0.1' ],
13 silly audit   'detect-libc': [ '2.1.2' ],
13 silly audit   zod: [ '3.23.8' ],
13 silly audit   nanoid: [ '3.3.16' ],
13 silly audit   next: [ '16.2.10' ],
13 silly audit   picocolors: [ '1.1.1' ],
13 silly audit   postcss: [ '8.4.31' ],
13 silly audit   react: [ '19.2.7' ],
13 silly audit   'react-dom': [ '19.2.7' ],
13 silly audit   scheduler: [ '0.27.0' ],
13 silly audit   sharp: [ '0.34.5' ],
13 silly audit   'source-map-js': [ '1.2.1' ],
13 silly audit   'styled-jsx': [ '5.1.6' ],
13 silly audit   tslib: [ '2.8.1' ]
13 silly audit }
14 http fetch POST 200 https://registry.npmjs.org/-/npm/v1/security/advisories/bulk 1321ms
15 silly audit report {
15 silly audit report   postcss: [
15 silly audit report     {
15 silly audit report       id: 1117015,
15 silly audit report       url: 'https://github.com/advisories/GHSA-qx2v-qp2m-jg93',
15 silly audit report       title: 'PostCSS has XSS via Unescaped </style> in its CSS Stringify Output',
15 silly audit report       severity: 'moderate',
15 silly audit report       vulnerable_versions: '<8.5.10',
15 silly audit report       cwe: [Array],
15 silly audit report       cvss: [Object]
15 silly audit report     }
15 silly audit report   ]
15 silly audit report }
16 silly packumentCache corgi:https://registry.npmjs.org/postcss cache-miss
17 http cache https://registry.npmjs.org/postcss 68ms (cache hit)
18 silly packumentCache corgi:https://registry.npmjs.org/postcss set size:349702 disposed:false
19 silly packumentCache corgi:https://registry.npmjs.org/next cache-miss
20 http cache https://registry.npmjs.org/next 696ms (cache hit)
21 silly packumentCache corgi:https://registry.npmjs.org/next set size:25371304 disposed:false
22 verbose cwd C:\Users\HP\mamaai
23 verbose os Windows_NT 10.0.19045
24 verbose node v22.20.0
25 verbose npm  v11.13.0
26 verbose exit 1
27 verbose code 1
