0 verbose cli C:\Program Files\nodejs\node.exe C:\Users\HP\AppData\Roaming\npm\node_modules\npm\bin\npm-cli.js
1 info using npm@11.13.0
2 info using node@v22.20.0
3 silly config load:file:C:\Users\HP\AppData\Roaming\npm\node_modules\npm\npmrc
4 silly config load:file:C:\Users\HP\mamaai\.npmrc
5 silly config load:file:C:\Users\HP\.npmrc
6 silly config load:file:C:\Users\HP\AppData\Roaming\npm\etc\npmrc
7 verbose title npm install
8 verbose argv "install" "--cache" ".npm-cache"
9 verbose logfile logs-max:10 dir:C:\Users\HP\mamaai\.npm-cache\_logs\2026-07-19T15_08_55_210Z-
10 verbose logfile C:\Users\HP\mamaai\.npm-cache\_logs\2026-07-19T15_08_55_210Z-debug-0.log
11 silly logfile done cleaning log files
12 silly packumentCache heap:2197815296 maxSize:549453824 maxEntrySize:274726912
13 silly idealTree buildDeps
14 silly fetch manifest next@16.2.10
15 silly packumentCache full:https://registry.npmjs.org/next cache-miss
16 http cache https://registry.npmjs.org/next 248ms (cache hit)
17 silly packumentCache full:https://registry.npmjs.org/next set size:30949142 disposed:false
18 silly fetch manifest @opentelemetry/api@^1.1.0
19 silly packumentCache full:https://registry.npmjs.org/@opentelemetry%2fapi cache-miss
20 http cache https://registry.npmjs.org/@opentelemetry%2fapi 41ms (cache hit)
21 silly packumentCache full:https://registry.npmjs.org/@opentelemetry%2fapi set size:272967 disposed:false
22 silly fetch manifest @playwright/test@^1.51.1
23 silly packumentCache full:https://registry.npmjs.org/@playwright%2ftest cache-miss
24 http cache https://registry.npmjs.org/@playwright%2ftest 76ms (cache hit)
25 silly packumentCache full:https://registry.npmjs.org/@playwright%2ftest set size:9323993 disposed:false
26 silly fetch manifest babel-plugin-react-compiler@*
27 silly packumentCache full:https://registry.npmjs.org/babel-plugin-react-compiler cache-miss
28 http cache https://registry.npmjs.org/babel-plugin-react-compiler 26ms (cache hit)
29 silly packumentCache full:https://registry.npmjs.org/babel-plugin-react-compiler set size:1356999 disposed:false
30 silly fetch manifest react@19.2.7
31 silly packumentCache full:https://registry.npmjs.org/react cache-miss
32 http cache https://registry.npmjs.org/react 56ms (cache hit)
33 silly packumentCache full:https://registry.npmjs.org/react set size:6805811 disposed:false
34 silly fetch manifest react-dom@19.2.7
35 silly packumentCache full:https://registry.npmjs.org/react-dom cache-miss
36 http cache https://registry.npmjs.org/react-dom 296ms (cache hit)
37 silly packumentCache full:https://registry.npmjs.org/react-dom set size:9121038 disposed:false
38 silly fetch manifest sass@^1.3.0
39 silly packumentCache full:https://registry.npmjs.org/sass cache-miss
40 http cache https://registry.npmjs.org/sass 43ms (cache hit)
41 silly packumentCache full:https://registry.npmjs.org/sass set size:730445 disposed:false
42 silly fetch manifest @types/react@19.2.7
43 silly packumentCache full:https://registry.npmjs.org/@types%2freact cache-miss
44 http cache https://registry.npmjs.org/@types%2freact 22ms (cache hit)
45 silly packumentCache full:https://registry.npmjs.org/@types%2freact set size:2632776 disposed:false
46 silly fetch manifest @types/react-dom@19.2.3
47 silly packumentCache full:https://registry.npmjs.org/@types%2freact-dom cache-miss
48 http cache https://registry.npmjs.org/@types%2freact-dom 15ms (cache hit)
49 silly packumentCache full:https://registry.npmjs.org/@types%2freact-dom set size:429026 disposed:false
50 silly fetch manifest eslint@9.18.0
51 silly packumentCache full:https://registry.npmjs.org/eslint cache-miss
52 http cache https://registry.npmjs.org/eslint 17ms (cache hit)
53 silly packumentCache full:https://registry.npmjs.org/eslint set size:2033084 disposed:false
54 silly fetch manifest jiti@*
55 silly packumentCache full:https://registry.npmjs.org/jiti cache-miss
56 http cache https://registry.npmjs.org/jiti 31ms (cache hit)
57 silly packumentCache full:https://registry.npmjs.org/jiti set size:387989 disposed:false
58 silly fetch manifest eslint-config-next@16.2.10
59 silly packumentCache full:https://registry.npmjs.org/eslint-config-next cache-miss
60 http cache https://registry.npmjs.org/eslint-config-next 102ms (cache hit)
61 silly packumentCache full:https://registry.npmjs.org/eslint-config-next set size:6916076 disposed:false
62 silly fetch manifest typescript@5.5.3
63 silly packumentCache full:https://registry.npmjs.org/typescript cache-miss
64 http cache https://registry.npmjs.org/typescript 383ms (cache hit)
65 silly packumentCache full:https://registry.npmjs.org/typescript set size:15451997 disposed:false
66 silly placeDep ROOT @types/react@19.2.7 REPLACE for: mama-ai@0.1.0 want: 19.2.7
67 silly placeDep ROOT @types/react-dom@19.2.3 REPLACE for: mama-ai@0.1.0 want: 19.2.3
68 silly placeDep ROOT eslint@9.18.0 REPLACE for: mama-ai@0.1.0 want: 9.18.0
69 silly placeDep ROOT eslint-config-next@16.2.10 REPLACE for: mama-ai@0.1.0 want: 16.2.10
70 silly placeDep ROOT next@16.2.10 REPLACE for: mama-ai@0.1.0 want: 16.2.10
71 silly placeDep ROOT react@19.2.7 REPLACE for: mama-ai@0.1.0 want: 19.2.7
72 warn ERESOLVE overriding peer dependency {
72 warn ERESOLVE   code: 'ERESOLVE',
72 warn ERESOLVE   edge: {
72 warn ERESOLVE     type: 'peer',
72 warn ERESOLVE     name: 'react',
72 warn ERESOLVE     spec: '^18.3.1',
72 warn ERESOLVE     from: {
72 warn ERESOLVE       name: 'react-dom',
72 warn ERESOLVE       version: '18.3.1',
72 warn ERESOLVE       location: 'node_modules/react-dom',
72 warn ERESOLVE       isWorkspace: false,
72 warn ERESOLVE       dependents: [Array]
72 warn ERESOLVE     }
72 warn ERESOLVE   },
72 warn ERESOLVE   dep: {
72 warn ERESOLVE     name: 'react',
72 warn ERESOLVE     version: '19.2.7',
72 warn ERESOLVE     whileInstalling: {
72 warn ERESOLVE       name: 'mama-ai',
72 warn ERESOLVE       version: '0.1.0',
72 warn ERESOLVE       path: 'C:\\Users\\HP\\mamaai'
72 warn ERESOLVE     },
72 warn ERESOLVE     location: 'node_modules/react',
72 warn ERESOLVE     isWorkspace: false,
72 warn ERESOLVE     dependents: [ [Object] ]
72 warn ERESOLVE   },
72 warn ERESOLVE   force: false,
72 warn ERESOLVE   isMine: true,
72 warn ERESOLVE   strictPeerDeps: false,
72 warn ERESOLVE   current: {
72 warn ERESOLVE     name: 'react',
72 warn ERESOLVE     version: '18.3.1',
72 warn ERESOLVE     location: 'node_modules/react',
72 warn ERESOLVE     isWorkspace: false,
72 warn ERESOLVE     dependents: [ [Object], [Object], [Object] ]
72 warn ERESOLVE   }
72 warn ERESOLVE }
73 silly placeDep ROOT react-dom@19.2.7 REPLACE for: mama-ai@0.1.0 want: 19.2.7
74 silly fetch manifest ajv@^6.12.4
75 silly packumentCache full:https://registry.npmjs.org/ajv cache-miss
76 silly fetch manifest espree@^10.3.0
77 silly packumentCache full:https://registry.npmjs.org/espree cache-miss
78 silly fetch manifest @eslint/js@9.18.0
79 silly packumentCache full:https://registry.npmjs.org/@eslint%2fjs cache-miss
80 http cache https://registry.npmjs.org/espree 426ms (cache hit)
81 silly packumentCache full:https://registry.npmjs.org/espree set size:326080 disposed:false
82 silly fetch manifest @eslint/core@^0.10.0
83 silly packumentCache full:https://registry.npmjs.org/@eslint%2fcore cache-miss
84 http fetch GET 200 https://registry.npmjs.org/@eslint%2fcore 503ms (cache miss)
85 silly packumentCache full:https://registry.npmjs.org/@eslint%2fcore set size:undefined disposed:false
86 silly fetch manifest eslint-scope@^8.2.0
87 silly packumentCache full:https://registry.npmjs.org/eslint-scope cache-miss
88 http cache https://registry.npmjs.org/@eslint%2fjs 1121ms (cache hit)
89 silly packumentCache full:https://registry.npmjs.org/@eslint%2fjs set size:141633 disposed:false
90 silly fetch manifest @humanfs/node@^0.16.6
91 silly packumentCache full:https://registry.npmjs.org/@humanfs%2fnode cache-miss
92 http cache https://registry.npmjs.org/ajv 1136ms (cache hit)
93 silly packumentCache full:https://registry.npmjs.org/ajv set size:1142658 disposed:false
94 silly fetch manifest @types/estree@^1.0.6
95 silly packumentCache full:https://registry.npmjs.org/@types%2festree cache-miss
96 http cache https://registry.npmjs.org/eslint-scope 358ms (cache hit)
97 silly packumentCache full:https://registry.npmjs.org/eslint-scope set size:98867 disposed:false
98 silly fetch manifest fast-deep-equal@^3.1.3
99 silly packumentCache full:https://registry.npmjs.org/fast-deep-equal cache-miss
100 http fetch GET 200 https://registry.npmjs.org/@humanfs%2fnode 189ms (cache miss)
101 silly packumentCache full:https://registry.npmjs.org/@humanfs%2fnode set size:undefined disposed:false
102 silly fetch manifest @eslint/eslintrc@^3.2.0
103 silly packumentCache full:https://registry.npmjs.org/@eslint%2feslintrc cache-miss
104 http cache https://registry.npmjs.org/fast-deep-equal 71ms (cache hit)
105 silly packumentCache full:https://registry.npmjs.org/fast-deep-equal set size:48634 disposed:false
106 silly fetch manifest file-entry-cache@^8.0.0
107 silly packumentCache full:https://registry.npmjs.org/file-entry-cache cache-miss
108 http cache https://registry.npmjs.org/@eslint%2feslintrc 63ms (cache hit)
109 silly packumentCache full:https://registry.npmjs.org/@eslint%2feslintrc set size:171352 disposed:false
110 silly fetch manifest @eslint/plugin-kit@^0.2.5
111 silly packumentCache full:https://registry.npmjs.org/@eslint%2fplugin-kit cache-miss
112 http cache https://registry.npmjs.org/file-entry-cache 55ms (cache hit)
113 silly packumentCache full:https://registry.npmjs.org/file-entry-cache set size:127645 disposed:false
114 silly fetch manifest @types/json-schema@^7.0.15
115 silly packumentCache full:https://registry.npmjs.org/@types%2fjson-schema cache-miss
116 http fetch GET 200 https://registry.npmjs.org/@types%2festree 281ms (cache miss)
117 silly packumentCache full:https://registry.npmjs.org/@types%2festree set size:undefined disposed:false
118 silly fetch manifest eslint-visitor-keys@^4.2.0
119 silly packumentCache full:https://registry.npmjs.org/eslint-visitor-keys cache-miss
120 http cache https://registry.npmjs.org/eslint-visitor-keys 71ms (cache hit)
121 silly packumentCache full:https://registry.npmjs.org/eslint-visitor-keys set size:69949 disposed:false
122 silly fetch manifest @eslint/config-array@^0.19.0
123 silly packumentCache full:https://registry.npmjs.org/@eslint%2fconfig-array cache-miss
124 http fetch GET 200 https://registry.npmjs.org/@eslint%2fplugin-kit 341ms (cache miss)
125 silly packumentCache full:https://registry.npmjs.org/@eslint%2fplugin-kit set size:undefined disposed:false
126 silly fetch manifest @humanwhocodes/retry@^0.4.1
127 silly packumentCache full:https://registry.npmjs.org/@humanwhocodes%2fretry cache-miss
128 http fetch GET 200 https://registry.npmjs.org/@types%2fjson-schema 317ms (cache miss)
129 silly packumentCache full:https://registry.npmjs.org/@types%2fjson-schema set size:undefined disposed:false
130 silly fetch manifest globals@16.4.0
131 silly packumentCache full:https://registry.npmjs.org/globals cache-miss
132 http cache https://registry.npmjs.org/globals 13ms (cache hit)
133 silly packumentCache full:https://registry.npmjs.org/globals set size:319673 disposed:false
134 silly fetch manifest typescript-eslint@^8.46.0
135 silly packumentCache full:https://registry.npmjs.org/typescript-eslint cache-miss
136 http fetch GET 200 https://registry.npmjs.org/@eslint%2fconfig-array 383ms (cache miss)
137 silly packumentCache full:https://registry.npmjs.org/@eslint%2fconfig-array set size:undefined disposed:false
138 silly fetch manifest @next/eslint-plugin-next@16.2.10
139 silly packumentCache full:https://registry.npmjs.org/@next%2feslint-plugin-next cache-miss
140 http cache https://registry.npmjs.org/@next%2feslint-plugin-next 103ms (cache hit)
141 silly packumentCache full:https://registry.npmjs.org/@next%2feslint-plugin-next set size:6950316 disposed:false
142 silly fetch manifest eslint-plugin-react-hooks@^7.0.0
143 silly packumentCache full:https://registry.npmjs.org/eslint-plugin-react-hooks cache-miss
144 http fetch GET 200 https://registry.npmjs.org/typescript-eslint 832ms (cache miss)
145 silly packumentCache full:https://registry.npmjs.org/typescript-eslint set size:undefined disposed:false
146 silly fetch manifest @next/env@16.2.10
147 silly packumentCache full:https://registry.npmjs.org/@next%2fenv cache-miss
148 http fetch GET 200 https://registry.npmjs.org/@humanwhocodes%2fretry 958ms (cache miss)
149 silly packumentCache full:https://registry.npmjs.org/@humanwhocodes%2fretry set size:undefined disposed:false
150 silly fetch manifest styled-jsx@5.1.6
151 silly packumentCache full:https://registry.npmjs.org/styled-jsx cache-miss
152 http cache https://registry.npmjs.org/eslint-plugin-react-hooks 652ms (cache hit)
153 silly packumentCache full:https://registry.npmjs.org/eslint-plugin-react-hooks set size:7577454 disposed:false
154 silly fetch manifest @swc/helpers@0.5.15
155 silly packumentCache full:https://registry.npmjs.org/@swc%2fhelpers cache-miss
156 http cache https://registry.npmjs.org/styled-jsx 509ms (cache hit)
157 silly packumentCache full:https://registry.npmjs.org/styled-jsx set size:436113 disposed:false
158 silly fetch manifest baseline-browser-mapping@^2.9.19
159 silly packumentCache full:https://registry.npmjs.org/baseline-browser-mapping cache-miss
160 http cache https://registry.npmjs.org/@next%2fenv 567ms (cache hit)
161 silly packumentCache full:https://registry.npmjs.org/@next%2fenv set size:7438968 disposed:false
162 silly fetch manifest sharp@^0.34.5
163 silly packumentCache full:https://registry.npmjs.org/sharp cache-miss
164 http cache https://registry.npmjs.org/@swc%2fhelpers 649ms (cache hit)
165 silly packumentCache full:https://registry.npmjs.org/@swc%2fhelpers set size:775458 disposed:false
166 silly fetch manifest @next/swc-darwin-x64@16.2.10
167 silly packumentCache full:https://registry.npmjs.org/@next%2fswc-darwin-x64 cache-miss
168 http fetch GET 200 https://registry.npmjs.org/sharp 257ms (cache miss)
169 silly packumentCache full:https://registry.npmjs.org/sharp set size:undefined disposed:false
170 silly fetch manifest @next/swc-darwin-arm64@16.2.10
171 silly packumentCache full:https://registry.npmjs.org/@next%2fswc-darwin-arm64 cache-miss
172 http cache https://registry.npmjs.org/@next%2fswc-darwin-x64 152ms (cache hit)
173 silly packumentCache full:https://registry.npmjs.org/@next%2fswc-darwin-x64 set size:5356429 disposed:false
174 silly fetch manifest @next/swc-linux-x64-gnu@16.2.10
175 silly packumentCache full:https://registry.npmjs.org/@next%2fswc-linux-x64-gnu cache-miss
176 http cache https://registry.npmjs.org/@next%2fswc-darwin-arm64 234ms (cache hit)
177 silly packumentCache full:https://registry.npmjs.org/@next%2fswc-darwin-arm64 set size:5414870 disposed:false
178 silly fetch manifest @next/swc-linux-x64-musl@16.2.10
179 silly packumentCache full:https://registry.npmjs.org/@next%2fswc-linux-x64-musl cache-miss
180 http fetch GET 200 https://registry.npmjs.org/baseline-browser-mapping 895ms (cache miss)
181 silly packumentCache full:https://registry.npmjs.org/baseline-browser-mapping set size:undefined disposed:false
182 silly fetch manifest @next/swc-win32-x64-msvc@16.2.10
183 silly packumentCache full:https://registry.npmjs.org/@next%2fswc-win32-x64-msvc cache-miss
184 http cache https://registry.npmjs.org/@next%2fswc-linux-x64-gnu 282ms (cache hit)
185 silly packumentCache full:https://registry.npmjs.org/@next%2fswc-linux-x64-gnu set size:5466163 disposed:false
186 silly fetch manifest @next/swc-linux-arm64-gnu@16.2.10
187 silly packumentCache full:https://registry.npmjs.org/@next%2fswc-linux-arm64-gnu cache-miss
188 http cache https://registry.npmjs.org/@next%2fswc-linux-x64-musl 250ms (cache hit)
189 silly packumentCache full:https://registry.npmjs.org/@next%2fswc-linux-x64-musl set size:5222074 disposed:false
190 silly fetch manifest @next/swc-linux-arm64-musl@16.2.10
191 silly packumentCache full:https://registry.npmjs.org/@next%2fswc-linux-arm64-musl cache-miss
192 http cache https://registry.npmjs.org/@next%2fswc-win32-x64-msvc 491ms (cache hit)
193 silly packumentCache full:https://registry.npmjs.org/@next%2fswc-win32-x64-msvc set size:5437432 disposed:false
194 silly fetch manifest @next/swc-win32-arm64-msvc@16.2.10
195 silly packumentCache full:https://registry.npmjs.org/@next%2fswc-win32-arm64-msvc cache-miss
196 http cache https://registry.npmjs.org/@next%2fswc-linux-arm64-gnu 716ms (cache hit)
197 silly packumentCache full:https://registry.npmjs.org/@next%2fswc-linux-arm64-gnu set size:5270218 disposed:false
198 silly fetch manifest scheduler@^0.27.0
199 silly packumentCache full:https://registry.npmjs.org/scheduler cache-miss
200 http cache https://registry.npmjs.org/@next%2fswc-linux-arm64-musl 713ms (cache hit)
201 silly packumentCache full:https://registry.npmjs.org/@next%2fswc-linux-arm64-musl set size:5288774 disposed:false
202 http cache https://registry.npmjs.org/@next%2fswc-win32-arm64-msvc 640ms (cache hit)
203 silly packumentCache full:https://registry.npmjs.org/@next%2fswc-win32-arm64-msvc set size:5251665 disposed:false
204 http cache https://registry.npmjs.org/scheduler 363ms (cache hit)
205 silly packumentCache full:https://registry.npmjs.org/scheduler set size:5625248 disposed:false
206 silly placeDep ROOT @eslint/config-array@0.19.2 OK for: eslint@9.18.0 want: ^0.19.0
207 silly placeDep ROOT @eslint/core@0.10.0 OK for: eslint@9.18.0 want: ^0.10.0
208 silly placeDep ROOT @eslint/eslintrc@3.3.6 OK for: eslint@9.18.0 want: ^3.2.0
209 silly placeDep ROOT @eslint/js@9.18.0 OK for: eslint@9.18.0 want: 9.18.0
210 silly placeDep ROOT @eslint/plugin-kit@0.2.8 OK for: eslint@9.18.0 want: ^0.2.5
211 silly placeDep ROOT @humanfs/node@0.16.8 OK for: eslint@9.18.0 want: ^0.16.6
212 silly placeDep ROOT @humanwhocodes/retry@0.4.3 OK for: eslint@9.18.0 want: ^0.4.1
213 silly placeDep ROOT @types/estree@1.0.9 OK for: eslint@9.18.0 want: ^1.0.6
214 silly placeDep ROOT @types/json-schema@7.0.15 OK for: eslint@9.18.0 want: ^7.0.15
215 silly placeDep ROOT ajv@6.15.0 OK for: eslint@9.18.0 want: ^6.12.4
216 silly placeDep ROOT eslint-scope@8.4.0 OK for: eslint@9.18.0 want: ^8.2.0
217 silly placeDep node_modules/eslint eslint-visitor-keys@4.2.1 OK for: eslint@9.18.0 want: ^4.2.0
218 silly placeDep ROOT espree@10.4.0 OK for: eslint@9.18.0 want: ^10.3.0
219 silly placeDep ROOT fast-deep-equal@3.1.3 OK for: eslint@9.18.0 want: ^3.1.3
220 silly placeDep ROOT file-entry-cache@8.0.0 OK for: eslint@9.18.0 want: ^8.0.0
221 silly fetch manifest @eslint/object-schema@^2.1.6
222 silly packumentCache full:https://registry.npmjs.org/@eslint%2fobject-schema cache-miss
223 silly fetch manifest ajv@^6.14.0
224 silly packumentCache full:https://registry.npmjs.org/ajv cache-miss
225 silly fetch manifest espree@^10.0.1
226 silly packumentCache full:https://registry.npmjs.org/espree cache-hit
227 silly fetch manifest globals@^14.0.0
228 silly packumentCache full:https://registry.npmjs.org/globals cache-hit
229 silly fetch manifest import-fresh@^3.2.1
230 silly packumentCache full:https://registry.npmjs.org/import-fresh cache-miss
231 http cache https://registry.npmjs.org/ajv 52ms (cache hit)
232 silly packumentCache full:https://registry.npmjs.org/ajv set size:1142658 disposed:false
233 silly fetch manifest js-yaml@^4.3.0
234 silly packumentCache full:https://registry.npmjs.org/js-yaml cache-miss
235 http cache https://registry.npmjs.org/import-fresh 113ms (cache hit)
236 silly packumentCache full:https://registry.npmjs.org/import-fresh set size:24604 disposed:false
237 silly fetch manifest strip-json-comments@^3.1.1
238 silly packumentCache full:https://registry.npmjs.org/strip-json-comments cache-miss
239 http fetch GET 200 https://registry.npmjs.org/@eslint%2fobject-schema 140ms (cache miss)
240 silly packumentCache full:https://registry.npmjs.org/@eslint%2fobject-schema set size:undefined disposed:false
241 silly fetch manifest @eslint/core@^0.13.0
242 silly packumentCache full:https://registry.npmjs.org/@eslint%2fcore cache-miss
243 http cache https://registry.npmjs.org/js-yaml 66ms (cache hit)
244 silly packumentCache full:https://registry.npmjs.org/js-yaml set size:171743 disposed:false
245 silly fetch manifest @humanwhocodes/retry@^0.4.0
246 silly packumentCache full:https://registry.npmjs.org/@humanwhocodes%2fretry cache-miss
247 http cache https://registry.npmjs.org/strip-json-comments 39ms (cache hit)
248 silly packumentCache full:https://registry.npmjs.org/strip-json-comments set size:43569 disposed:false
249 silly fetch manifest @humanfs/core@^0.19.2
250 silly packumentCache full:https://registry.npmjs.org/@humanfs%2fcore cache-miss
251 http cache https://registry.npmjs.org/@eslint%2fcore 57ms (cache hit)
252 silly packumentCache full:https://registry.npmjs.org/@eslint%2fcore set size:58023 disposed:false
253 silly fetch manifest @humanfs/types@^0.15.0
254 silly packumentCache full:https://registry.npmjs.org/@humanfs%2ftypes cache-miss
255 http cache https://registry.npmjs.org/@humanwhocodes%2fretry 42ms (cache hit)
256 silly packumentCache full:https://registry.npmjs.org/@humanwhocodes%2fretry set size:42348 disposed:false
257 silly fetch manifest uri-js@^4.2.2
258 silly packumentCache full:https://registry.npmjs.org/uri-js cache-miss
259 http cache https://registry.npmjs.org/uri-js 43ms (cache hit)
260 silly packumentCache full:https://registry.npmjs.org/uri-js set size:42559 disposed:false
261 silly fetch manifest fast-deep-equal@^3.1.1
262 silly packumentCache full:https://registry.npmjs.org/fast-deep-equal cache-hit
263 silly fetch manifest json-schema-traverse@^0.4.1
264 silly packumentCache full:https://registry.npmjs.org/json-schema-traverse cache-miss
265 http cache https://registry.npmjs.org/json-schema-traverse 21ms (cache hit)
266 silly packumentCache full:https://registry.npmjs.org/json-schema-traverse set size:23537 disposed:false
267 silly fetch manifest fast-json-stable-stringify@^2.0.0
268 silly packumentCache full:https://registry.npmjs.org/fast-json-stable-stringify cache-miss
269 http cache https://registry.npmjs.org/fast-json-stable-stringify 43ms (cache hit)
270 silly packumentCache full:https://registry.npmjs.org/fast-json-stable-stringify set size:11337 disposed:false
271 silly fetch manifest esrecurse@^4.3.0
272 silly packumentCache full:https://registry.npmjs.org/esrecurse cache-miss
273 http cache https://registry.npmjs.org/esrecurse 29ms (cache hit)
274 silly packumentCache full:https://registry.npmjs.org/esrecurse set size:29005 disposed:false
275 silly fetch manifest acorn@^8.15.0
276 silly packumentCache full:https://registry.npmjs.org/acorn cache-miss
277 http cache https://registry.npmjs.org/acorn 42ms (cache hit)
278 silly packumentCache full:https://registry.npmjs.org/acorn set size:381366 disposed:false
279 silly fetch manifest acorn-jsx@^5.3.2
280 silly packumentCache full:https://registry.npmjs.org/acorn-jsx cache-miss
281 http cache https://registry.npmjs.org/acorn-jsx 15ms (cache hit)
282 silly packumentCache full:https://registry.npmjs.org/acorn-jsx set size:71068 disposed:false
283 silly fetch manifest eslint-visitor-keys@^4.2.1
284 silly packumentCache full:https://registry.npmjs.org/eslint-visitor-keys cache-hit
285 silly fetch manifest flat-cache@^4.0.0
286 silly packumentCache full:https://registry.npmjs.org/flat-cache cache-miss
287 http cache https://registry.npmjs.org/flat-cache 22ms (cache hit)
288 silly packumentCache full:https://registry.npmjs.org/flat-cache set size:160061 disposed:false
289 http fetch GET 200 https://registry.npmjs.org/@humanfs%2fcore 395ms (cache miss)
290 silly packumentCache full:https://registry.npmjs.org/@humanfs%2fcore set size:undefined disposed:false
291 http fetch GET 200 https://registry.npmjs.org/@humanfs%2ftypes 510ms (cache miss)
292 silly packumentCache full:https://registry.npmjs.org/@humanfs%2ftypes set size:undefined disposed:false
293 silly placeDep ROOT @eslint/object-schema@2.1.7 OK for: @eslint/config-array@0.19.2 want: ^2.1.6
294 silly placeDep ROOT globals@14.0.0 OK for: @eslint/eslintrc@3.3.6 want: ^14.0.0
295 silly placeDep ROOT import-fresh@3.3.1 OK for: @eslint/eslintrc@3.3.6 want: ^3.2.1
296 silly placeDep ROOT js-yaml@4.3.0 OK for: @eslint/eslintrc@3.3.6 want: ^4.3.0
297 silly placeDep ROOT strip-json-comments@3.1.1 OK for: @eslint/eslintrc@3.3.6 want: ^3.1.1
298 silly fetch manifest resolve-from@^4.0.0
299 silly packumentCache full:https://registry.npmjs.org/resolve-from cache-miss
300 silly fetch manifest parent-module@^1.0.0
301 silly packumentCache full:https://registry.npmjs.org/parent-module cache-miss
302 silly fetch manifest argparse@^2.0.1
303 silly packumentCache full:https://registry.npmjs.org/argparse cache-miss
304 http cache https://registry.npmjs.org/resolve-from 23ms (cache hit)
305 silly packumentCache full:https://registry.npmjs.org/resolve-from set size:12911 disposed:false
306 http cache https://registry.npmjs.org/parent-module 24ms (cache hit)
307 silly packumentCache full:https://registry.npmjs.org/parent-module set size:18255 disposed:false
308 http cache https://registry.npmjs.org/argparse 26ms (cache hit)
309 silly packumentCache full:https://registry.npmjs.org/argparse set size:51348 disposed:false
310 silly placeDep node_modules/@eslint/plugin-kit @eslint/core@0.13.0 OK for: @eslint/plugin-kit@0.2.8 want: ^0.13.0
311 silly placeDep ROOT @humanfs/core@0.19.2 OK for: @humanfs/node@0.16.8 want: ^0.19.2
312 silly placeDep ROOT @humanfs/types@0.15.0 OK for: @humanfs/node@0.16.8 want: ^0.15.0
313 silly placeDep ROOT fast-json-stable-stringify@2.1.0 OK for: ajv@6.15.0 want: ^2.0.0
314 silly placeDep ROOT json-schema-traverse@0.4.1 OK for: ajv@6.15.0 want: ^0.4.1
315 silly placeDep ROOT uri-js@4.4.1 OK for: ajv@6.15.0 want: ^4.2.2
316 silly fetch manifest punycode@^2.1.0
317 silly packumentCache full:https://registry.npmjs.org/punycode cache-miss
318 http cache https://registry.npmjs.org/punycode 11ms (cache hit)
319 silly packumentCache full:https://registry.npmjs.org/punycode set size:61278 disposed:false
320 silly fetch manifest eslint@>=9.0.0
321 silly packumentCache full:https://registry.npmjs.org/eslint cache-miss
322 http cache https://registry.npmjs.org/eslint 47ms (cache hit)
323 silly packumentCache full:https://registry.npmjs.org/eslint set size:2033084 disposed:false
324 silly fetch manifest typescript@>=3.3.1
325 silly packumentCache full:https://registry.npmjs.org/typescript cache-miss
326 http cache https://registry.npmjs.org/typescript 134ms (cache hit)
327 silly packumentCache full:https://registry.npmjs.org/typescript set size:15451997 disposed:false
328 silly fetch manifest typescript@>=4.8.4 <6.1.0
329 silly packumentCache full:https://registry.npmjs.org/typescript cache-miss
330 http cache https://registry.npmjs.org/typescript 122ms (cache hit)
331 silly packumentCache full:https://registry.npmjs.org/typescript set size:15451997 disposed:false
332 silly placeDep ROOT @next/eslint-plugin-next@16.2.10 OK for: eslint-config-next@16.2.10 want: 16.2.10
333 silly placeDep ROOT eslint-plugin-react-hooks@7.1.1 OK for: eslint-config-next@16.2.10 want: ^7.0.0
334 silly placeDep node_modules/eslint-config-next globals@16.4.0 OK for: eslint-config-next@16.2.10 want: 16.4.0
335 silly placeDep ROOT typescript-eslint@8.64.0 OK for: eslint-config-next@16.2.10 want: ^8.46.0
336 silly fetch manifest fast-glob@3.3.1
337 silly packumentCache full:https://registry.npmjs.org/fast-glob cache-miss
338 silly fetch manifest zod@^3.25.0 || ^4.0.0
339 silly packumentCache full:https://registry.npmjs.org/zod cache-miss
340 silly fetch manifest @babel/core@^7.24.4
341 silly packumentCache full:https://registry.npmjs.org/@babel%2fcore cache-miss
342 http cache https://registry.npmjs.org/zod 98ms (cache hit)
343 silly packumentCache full:https://registry.npmjs.org/zod set size:3552562 disposed:false
344 silly fetch manifest @babel/parser@^7.24.4
345 silly packumentCache full:https://registry.npmjs.org/@babel%2fparser cache-miss
346 http cache https://registry.npmjs.org/fast-glob 170ms (cache hit)
347 silly packumentCache full:https://registry.npmjs.org/fast-glob set size:220556 disposed:false
348 silly fetch manifest hermes-parser@^0.25.1
349 silly packumentCache full:https://registry.npmjs.org/hermes-parser cache-miss
350 http fetch GET 200 https://registry.npmjs.org/@babel%2fparser 95ms (cache miss)
351 silly packumentCache full:https://registry.npmjs.org/@babel%2fparser set size:undefined disposed:false
352 silly fetch manifest zod-validation-error@^3.5.0 || ^4.0.0
353 silly packumentCache full:https://registry.npmjs.org/zod-validation-error cache-miss
354 http fetch GET 200 https://registry.npmjs.org/zod-validation-error 79ms (cache miss)
355 silly packumentCache full:https://registry.npmjs.org/zod-validation-error set size:undefined disposed:false
356 silly fetch manifest @typescript-eslint/utils@8.64.0
357 silly packumentCache full:https://registry.npmjs.org/@typescript-eslint%2futils cache-miss
358 http cache https://registry.npmjs.org/@typescript-eslint%2futils 108ms (cache hit)
359 silly packumentCache full:https://registry.npmjs.org/@typescript-eslint%2futils set size:10509769 disposed:false
360 silly fetch manifest @typescript-eslint/parser@8.64.0
361 silly packumentCache full:https://registry.npmjs.org/@typescript-eslint%2fparser cache-miss
362 http fetch GET 200 https://registry.npmjs.org/@babel%2fcore 1106ms (cache miss)
363 silly packumentCache full:https://registry.npmjs.org/@babel%2fcore set size:undefined disposed:false
364 silly fetch manifest @typescript-eslint/eslint-plugin@8.64.0
365 silly packumentCache full:https://registry.npmjs.org/@typescript-eslint%2feslint-plugin cache-miss
366 http fetch GET 200 https://registry.npmjs.org/hermes-parser 983ms (cache miss)
367 silly packumentCache full:https://registry.npmjs.org/hermes-parser set size:undefined disposed:false
368 silly fetch manifest @typescript-eslint/typescript-estree@8.64.0
369 silly packumentCache full:https://registry.npmjs.org/@typescript-eslint%2ftypescript-estree cache-miss
370 http cache https://registry.npmjs.org/@typescript-eslint%2fparser 606ms (cache hit)
371 silly packumentCache full:https://registry.npmjs.org/@typescript-eslint%2fparser set size:15506177 disposed:false
372 http cache https://registry.npmjs.org/@typescript-eslint%2ftypescript-estree 535ms (cache hit)
373 silly packumentCache full:https://registry.npmjs.org/@typescript-eslint%2ftypescript-estree set size:16741171 disposed:false
374 http fetch GET 200 https://registry.npmjs.org/@typescript-eslint%2feslint-plugin 1976ms (cache miss)
375 silly packumentCache full:https://registry.npmjs.org/@typescript-eslint%2feslint-plugin set size:undefined disposed:false
376 silly placeDep ROOT fast-glob@3.3.1 OK for: @next/eslint-plugin-next@16.2.10 want: 3.3.1
377 silly fetch manifest merge2@^1.3.0
378 silly packumentCache full:https://registry.npmjs.org/merge2 cache-miss
379 silly fetch manifest micromatch@^4.0.4
380 silly packumentCache full:https://registry.npmjs.org/micromatch cache-miss
381 silly fetch manifest glob-parent@^5.1.2
382 silly packumentCache full:https://registry.npmjs.org/glob-parent cache-miss
383 http cache https://registry.npmjs.org/merge2 68ms (cache hit)
384 silly packumentCache full:https://registry.npmjs.org/merge2 set size:46159 disposed:false
385 http cache https://registry.npmjs.org/glob-parent 74ms (cache hit)
386 silly packumentCache full:https://registry.npmjs.org/glob-parent set size:42445 disposed:false
387 http cache https://registry.npmjs.org/micromatch 77ms (cache hit)
388 silly packumentCache full:https://registry.npmjs.org/micromatch set size:240630 disposed:false
389 silly placeDep ROOT @babel/core@7.29.7 OK for: eslint-plugin-react-hooks@7.1.1 want: ^7.24.4
390 silly placeDep ROOT @babel/parser@7.29.7 OK for: eslint-plugin-react-hooks@7.1.1 want: ^7.24.4
391 silly placeDep ROOT hermes-parser@0.25.1 OK for: eslint-plugin-react-hooks@7.1.1 want: ^0.25.1
392 silly placeDep node_modules/eslint-plugin-react-hooks zod@4.4.3 OK for: eslint-plugin-react-hooks@7.1.1 want: ^3.25.0 || ^4.0.0
393 silly placeDep node_modules/eslint-plugin-react-hooks zod-validation-error@4.0.2 OK for: eslint-plugin-react-hooks@7.1.1 want: ^3.5.0 || ^4.0.0
394 silly fetch manifest json5@^2.2.3
395 silly packumentCache full:https://registry.npmjs.org/json5 cache-miss
396 silly fetch manifest semver@^6.3.1
397 silly packumentCache full:https://registry.npmjs.org/semver cache-miss
398 silly fetch manifest gensync@^1.0.0-beta.2
399 silly packumentCache full:https://registry.npmjs.org/gensync cache-miss
400 http fetch GET 200 https://registry.npmjs.org/gensync 35ms (cache miss)
401 silly packumentCache full:https://registry.npmjs.org/gensync set size:undefined disposed:false
402 silly fetch manifest @babel/types@^7.29.7
403 silly packumentCache full:https://registry.npmjs.org/@babel%2ftypes cache-miss
404 http cache https://registry.npmjs.org/json5 46ms (cache hit)
405 silly packumentCache full:https://registry.npmjs.org/json5 set size:86136 disposed:false
406 silly fetch manifest @babel/parser@^7.29.7
407 silly packumentCache full:https://registry.npmjs.org/@babel%2fparser cache-miss
408 http cache https://registry.npmjs.org/semver 52ms (cache hit)
409 silly packumentCache full:https://registry.npmjs.org/semver set size:246069 disposed:false
410 silly fetch manifest @babel/helpers@^7.29.7
411 silly packumentCache full:https://registry.npmjs.org/@babel%2fhelpers cache-miss
412 http cache https://registry.npmjs.org/@babel%2fparser 21ms (cache hit)
413 silly packumentCache full:https://registry.npmjs.org/@babel%2fparser set size:735431 disposed:false
414 silly fetch manifest @babel/template@^7.29.7
415 silly packumentCache full:https://registry.npmjs.org/@babel%2ftemplate cache-miss
416 http fetch GET 200 https://registry.npmjs.org/@babel%2fhelpers 119ms (cache miss)
417 silly packumentCache full:https://registry.npmjs.org/@babel%2fhelpers set size:undefined disposed:false
418 silly fetch manifest @babel/traverse@^7.29.7
419 silly packumentCache full:https://registry.npmjs.org/@babel%2ftraverse cache-miss
420 http fetch GET 200 https://registry.npmjs.org/@babel%2ftypes 155ms (cache miss)
421 silly packumentCache full:https://registry.npmjs.org/@babel%2ftypes set size:undefined disposed:false
422 silly fetch manifest @babel/generator@^7.29.7
423 silly packumentCache full:https://registry.npmjs.org/@babel%2fgenerator cache-miss
424 http fetch GET 200 https://registry.npmjs.org/@babel%2ftemplate 145ms (cache miss)
425 silly packumentCache full:https://registry.npmjs.org/@babel%2ftemplate set size:undefined disposed:false
426 silly fetch manifest @babel/code-frame@^7.29.7
427 silly packumentCache full:https://registry.npmjs.org/@babel%2fcode-frame cache-miss
428 http fetch GET 200 https://registry.npmjs.org/@babel%2ftraverse 82ms (cache miss)
429 silly packumentCache full:https://registry.npmjs.org/@babel%2ftraverse set size:undefined disposed:false
430 silly fetch manifest convert-source-map@^2.0.0
431 silly packumentCache full:https://registry.npmjs.org/convert-source-map cache-miss
432 http fetch GET 200 https://registry.npmjs.org/@babel%2fgenerator 98ms (cache miss)
433 silly packumentCache full:https://registry.npmjs.org/@babel%2fgenerator set size:undefined disposed:false
434 silly fetch manifest @jridgewell/remapping@^2.3.5
435 silly packumentCache full:https://registry.npmjs.org/@jridgewell%2fremapping cache-miss
436 http fetch GET 200 https://registry.npmjs.org/@babel%2fcode-frame 84ms (cache miss)
437 silly packumentCache full:https://registry.npmjs.org/@babel%2fcode-frame set size:undefined disposed:false
438 silly fetch manifest @babel/helper-module-transforms@^7.29.7
439 silly packumentCache full:https://registry.npmjs.org/@babel%2fhelper-module-transforms cache-miss
440 http fetch GET 200 https://registry.npmjs.org/convert-source-map 64ms (cache miss)
441 silly packumentCache full:https://registry.npmjs.org/convert-source-map set size:undefined disposed:false
442 silly fetch manifest @babel/helper-compilation-targets@^7.29.7
443 silly packumentCache full:https://registry.npmjs.org/@babel%2fhelper-compilation-targets cache-miss
444 http fetch GET 200 https://registry.npmjs.org/@jridgewell%2fremapping 58ms (cache miss)
445 silly packumentCache full:https://registry.npmjs.org/@jridgewell%2fremapping set size:undefined disposed:false
446 silly fetch manifest hermes-estree@0.25.1
447 silly packumentCache full:https://registry.npmjs.org/hermes-estree cache-miss
448 http fetch GET 200 https://registry.npmjs.org/@babel%2fhelper-module-transforms 58ms (cache miss)
449 silly packumentCache full:https://registry.npmjs.org/@babel%2fhelper-module-transforms set size:undefined disposed:false
450 http fetch GET 200 https://registry.npmjs.org/@babel%2fhelper-compilation-targets 54ms (cache miss)
451 silly packumentCache full:https://registry.npmjs.org/@babel%2fhelper-compilation-targets set size:undefined disposed:false
452 http fetch GET 200 https://registry.npmjs.org/hermes-estree 518ms (cache miss)
453 silly packumentCache full:https://registry.npmjs.org/hermes-estree set size:undefined disposed:false
454 silly fetch manifest @babel/core@^7.0.0
455 silly packumentCache full:https://registry.npmjs.org/@babel%2fcore cache-miss
456 http cache https://registry.npmjs.org/@babel%2fcore 17ms (cache hit)
457 silly packumentCache full:https://registry.npmjs.org/@babel%2fcore set size:788258 disposed:false
458 silly placeDep ROOT @babel/code-frame@7.29.7 OK for: @babel/core@7.29.7 want: ^7.29.7
459 silly placeDep ROOT @babel/generator@7.29.7 OK for: @babel/core@7.29.7 want: ^7.29.7
460 silly placeDep ROOT @babel/helper-compilation-targets@7.29.7 OK for: @babel/core@7.29.7 want: ^7.29.7
461 silly placeDep ROOT @babel/helper-module-transforms@7.29.7 OK for: @babel/core@7.29.7 want: ^7.29.7
462 silly placeDep ROOT @babel/helpers@7.29.7 OK for: @babel/core@7.29.7 want: ^7.29.7
463 silly placeDep ROOT @babel/template@7.29.7 OK for: @babel/core@7.29.7 want: ^7.29.7
464 silly placeDep ROOT @babel/traverse@7.29.7 OK for: @babel/core@7.29.7 want: ^7.29.7
465 silly placeDep ROOT @babel/types@7.29.7 OK for: @babel/core@7.29.7 want: ^7.29.7
466 silly placeDep ROOT @jridgewell/remapping@2.3.5 OK for: @babel/core@7.29.7 want: ^2.3.5
467 silly placeDep ROOT convert-source-map@2.0.0 OK for: @babel/core@7.29.7 want: ^2.0.0
468 silly placeDep ROOT gensync@1.0.0-beta.2 OK for: @babel/core@7.29.7 want: ^1.0.0-beta.2
469 silly placeDep node_modules/@babel/core json5@2.2.3 OK for: @babel/core@7.29.7 want: ^2.2.3
470 silly placeDep node_modules/@babel/core semver@6.3.1 OK for: @babel/core@7.29.7 want: ^6.3.1
471 silly fetch manifest @babel/helper-validator-identifier@^7.29.7
472 silly packumentCache full:https://registry.npmjs.org/@babel%2fhelper-validator-identifier cache-miss
473 silly fetch manifest jsesc@^3.0.2
474 silly packumentCache full:https://registry.npmjs.org/jsesc cache-miss
475 silly fetch manifest @jridgewell/gen-mapping@^0.3.12
476 silly packumentCache full:https://registry.npmjs.org/@jridgewell%2fgen-mapping cache-miss
477 http fetch GET 200 https://registry.npmjs.org/jsesc 290ms (cache miss)
478 silly packumentCache full:https://registry.npmjs.org/jsesc set size:undefined disposed:false
479 silly fetch manifest @jridgewell/trace-mapping@^0.3.28
480 silly packumentCache full:https://registry.npmjs.org/@jridgewell%2ftrace-mapping cache-miss
481 http fetch GET 200 https://registry.npmjs.org/@babel%2fhelper-validator-identifier 314ms (cache miss)
482 silly packumentCache full:https://registry.npmjs.org/@babel%2fhelper-validator-identifier set size:undefined disposed:false
483 silly fetch manifest lru-cache@^5.1.1
484 silly packumentCache full:https://registry.npmjs.org/lru-cache cache-miss
485 http cache https://registry.npmjs.org/lru-cache 16ms (cache hit)
486 silly packumentCache full:https://registry.npmjs.org/lru-cache set size:460407 disposed:false
487 silly fetch manifest browserslist@^4.24.0
488 silly packumentCache full:https://registry.npmjs.org/browserslist cache-miss
489 http fetch GET 200 https://registry.npmjs.org/@jridgewell%2ftrace-mapping 57ms (cache miss)
490 silly packumentCache full:https://registry.npmjs.org/@jridgewell%2ftrace-mapping set size:undefined disposed:false
491 silly fetch manifest @babel/compat-data@^7.29.7
492 silly packumentCache full:https://registry.npmjs.org/@babel%2fcompat-data cache-miss
493 http fetch GET 200 https://registry.npmjs.org/browserslist 62ms (cache miss)
494 silly packumentCache full:https://registry.npmjs.org/browserslist set size:undefined disposed:false
495 silly fetch manifest @babel/helper-validator-option@^7.29.7
496 silly packumentCache full:https://registry.npmjs.org/@babel%2fhelper-validator-option cache-miss
497 http fetch GET 200 https://registry.npmjs.org/@babel%2fcompat-data 71ms (cache miss)
498 silly packumentCache full:https://registry.npmjs.org/@babel%2fcompat-data set size:undefined disposed:false
499 silly fetch manifest @babel/helper-module-imports@^7.29.7
500 silly packumentCache full:https://registry.npmjs.org/@babel%2fhelper-module-imports cache-miss
501 http fetch GET 200 https://registry.npmjs.org/@babel%2fhelper-validator-option 53ms (cache miss)
502 silly packumentCache full:https://registry.npmjs.org/@babel%2fhelper-validator-option set size:undefined disposed:false
503 silly fetch manifest @babel/helper-globals@^7.29.7
504 silly packumentCache full:https://registry.npmjs.org/@babel%2fhelper-globals cache-miss
505 http fetch GET 200 https://registry.npmjs.org/@babel%2fhelper-module-imports 46ms (cache miss)
506 silly packumentCache full:https://registry.npmjs.org/@babel%2fhelper-module-imports set size:undefined disposed:false
507 silly fetch manifest @babel/helper-string-parser@^7.29.7
508 silly packumentCache full:https://registry.npmjs.org/@babel%2fhelper-string-parser cache-miss
509 http fetch GET 200 https://registry.npmjs.org/@babel%2fhelper-globals 31ms (cache miss)
510 silly packumentCache full:https://registry.npmjs.org/@babel%2fhelper-globals set size:undefined disposed:false
511 silly fetch manifest @jridgewell/gen-mapping@^0.3.5
512 silly packumentCache full:https://registry.npmjs.org/@jridgewell%2fgen-mapping cache-miss
513 http fetch GET 200 https://registry.npmjs.org/@babel%2fhelper-string-parser 37ms (cache miss)
514 silly packumentCache full:https://registry.npmjs.org/@babel%2fhelper-string-parser set size:undefined disposed:false
515 silly fetch manifest @jridgewell/trace-mapping@^0.3.24
516 silly packumentCache full:https://registry.npmjs.org/@jridgewell%2ftrace-mapping cache-miss
517 http cache https://registry.npmjs.org/@jridgewell%2ftrace-mapping 8ms (cache hit)
518 silly packumentCache full:https://registry.npmjs.org/@jridgewell%2ftrace-mapping set size:170909 disposed:false
519 http fetch GET 200 https://registry.npmjs.org/@jridgewell%2fgen-mapping 81ms (cache miss)
520 silly packumentCache full:https://registry.npmjs.org/@jridgewell%2fgen-mapping set size:undefined disposed:false
521 http fetch GET 200 https://registry.npmjs.org/@jridgewell%2fgen-mapping 601ms (cache miss)
522 silly packumentCache full:https://registry.npmjs.org/@jridgewell%2fgen-mapping set size:undefined disposed:false
523 silly placeDep ROOT @babel/helper-validator-identifier@7.29.7 OK for: @babel/code-frame@7.29.7 want: ^7.29.7
524 silly placeDep ROOT @jridgewell/gen-mapping@0.3.13 OK for: @babel/generator@7.29.7 want: ^0.3.12
525 silly placeDep ROOT @jridgewell/trace-mapping@0.3.31 OK for: @babel/generator@7.29.7 want: ^0.3.28
526 silly placeDep ROOT jsesc@3.1.0 OK for: @babel/generator@7.29.7 want: ^3.0.2
527 silly fetch manifest @jridgewell/sourcemap-codec@^1.5.0
528 silly packumentCache full:https://registry.npmjs.org/@jridgewell%2fsourcemap-codec cache-miss
529 silly fetch manifest @jridgewell/resolve-uri@^3.1.0
530 silly packumentCache full:https://registry.npmjs.org/@jridgewell%2fresolve-uri cache-miss
531 silly fetch manifest @jridgewell/sourcemap-codec@^1.4.14
532 silly packumentCache full:https://registry.npmjs.org/@jridgewell%2fsourcemap-codec cache-miss
533 http fetch GET 200 https://registry.npmjs.org/@jridgewell%2fsourcemap-codec 85ms (cache miss)
534 silly packumentCache full:https://registry.npmjs.org/@jridgewell%2fsourcemap-codec set size:undefined disposed:false
535 http fetch GET 200 https://registry.npmjs.org/@jridgewell%2fresolve-uri 93ms (cache miss)
536 silly packumentCache full:https://registry.npmjs.org/@jridgewell%2fresolve-uri set size:undefined disposed:false
537 http fetch GET 200 https://registry.npmjs.org/@jridgewell%2fsourcemap-codec 95ms (cache miss)
538 silly packumentCache full:https://registry.npmjs.org/@jridgewell%2fsourcemap-codec set size:undefined disposed:false
539 silly placeDep ROOT @babel/compat-data@7.29.7 OK for: @babel/helper-compilation-targets@7.29.7 want: ^7.29.7
540 silly placeDep ROOT @babel/helper-validator-option@7.29.7 OK for: @babel/helper-compilation-targets@7.29.7 want: ^7.29.7
541 silly placeDep ROOT browserslist@4.28.6 OK for: @babel/helper-compilation-targets@7.29.7 want: ^4.24.0
542 silly placeDep ROOT lru-cache@5.1.1 OK for: @babel/helper-compilation-targets@7.29.7 want: ^5.1.1
543 silly placeDep node_modules/@babel/helper-compilation-targets semver@6.3.1 OK for: @babel/helper-compilation-targets@7.29.7 want: ^6.3.1
544 silly fetch manifest node-releases@^2.0.51
545 silly packumentCache full:https://registry.npmjs.org/node-releases cache-miss
546 silly fetch manifest electron-to-chromium@^1.5.389
547 silly packumentCache full:https://registry.npmjs.org/electron-to-chromium cache-miss
548 silly fetch manifest update-browserslist-db@^1.2.3
549 silly packumentCache full:https://registry.npmjs.org/update-browserslist-db cache-miss
550 http fetch GET 200 https://registry.npmjs.org/update-browserslist-db 66ms (cache miss)
551 silly packumentCache full:https://registry.npmjs.org/update-browserslist-db set size:undefined disposed:false
552 silly fetch manifest baseline-browser-mapping@^2.10.42
553 silly packumentCache full:https://registry.npmjs.org/baseline-browser-mapping cache-miss
554 http fetch GET 200 https://registry.npmjs.org/node-releases 73ms (cache miss)
555 silly packumentCache full:https://registry.npmjs.org/node-releases set size:undefined disposed:false
556 silly fetch manifest yallist@^3.0.2
557 silly packumentCache full:https://registry.npmjs.org/yallist cache-miss
558 http cache https://registry.npmjs.org/baseline-browser-mapping 23ms (cache hit)
559 silly packumentCache full:https://registry.npmjs.org/baseline-browser-mapping set size:533234 disposed:false
560 http fetch GET 200 https://registry.npmjs.org/yallist 106ms (cache miss)
561 silly packumentCache full:https://registry.npmjs.org/yallist set size:undefined disposed:false
562 http fetch GET 200 https://registry.npmjs.org/electron-to-chromium 291ms (cache miss)
563 silly packumentCache full:https://registry.npmjs.org/electron-to-chromium set size:undefined disposed:false
564 silly placeDep ROOT @babel/helper-module-imports@7.29.7 OK for: @babel/helper-module-transforms@7.29.7 want: ^7.29.7
565 silly placeDep ROOT @babel/helper-globals@7.29.7 OK for: @babel/traverse@7.29.7 want: ^7.29.7
566 silly placeDep ROOT @babel/helper-string-parser@7.29.7 OK for: @babel/types@7.29.7 want: ^7.29.7
567 silly placeDep ROOT @jridgewell/sourcemap-codec@1.5.5 OK for: @jridgewell/gen-mapping@0.3.13 want: ^1.5.0
568 silly placeDep ROOT @jridgewell/resolve-uri@3.1.2 OK for: @jridgewell/trace-mapping@0.3.31 want: ^3.1.0
569 silly fetch manifest browserslist@>= 4.21.0
570 silly packumentCache full:https://registry.npmjs.org/browserslist cache-miss
571 http cache https://registry.npmjs.org/browserslist 21ms (cache hit)
572 silly packumentCache full:https://registry.npmjs.org/browserslist set size:514014 disposed:false
573 silly placeDep ROOT baseline-browser-mapping@2.10.43 OK for: browserslist@4.28.6 want: ^2.10.42
574 silly placeDep ROOT electron-to-chromium@1.5.393 OK for: browserslist@4.28.6 want: ^1.5.389
575 silly placeDep ROOT node-releases@2.0.51 OK for: browserslist@4.28.6 want: ^2.0.51
576 silly placeDep ROOT update-browserslist-db@1.2.3 OK for: browserslist@4.28.6 want: ^1.2.3
577 silly fetch manifest escalade@^3.2.0
578 silly packumentCache full:https://registry.npmjs.org/escalade cache-miss
579 http fetch GET 200 https://registry.npmjs.org/escalade 286ms (cache miss)
580 silly packumentCache full:https://registry.npmjs.org/escalade set size:undefined disposed:false
581 silly placeDep ROOT esrecurse@4.3.0 OK for: eslint-scope@8.4.0 want: ^4.3.0
582 silly placeDep ROOT acorn@8.17.0 OK for: espree@10.4.0 want: ^8.15.0
583 silly placeDep ROOT acorn-jsx@5.3.2 OK for: espree@10.4.0 want: ^5.3.2
584 silly placeDep node_modules/espree eslint-visitor-keys@4.2.1 OK for: espree@10.4.0 want: ^4.2.1
585 silly placeDep node_modules/fast-glob glob-parent@5.1.2 OK for: fast-glob@3.3.1 want: ^5.1.2
586 silly placeDep ROOT merge2@1.4.1 OK for: fast-glob@3.3.1 want: ^1.3.0
587 silly placeDep ROOT micromatch@4.0.8 OK for: fast-glob@3.3.1 want: ^4.0.4
588 silly fetch manifest braces@^3.0.3
589 silly packumentCache full:https://registry.npmjs.org/braces cache-miss
590 silly fetch manifest picomatch@^2.3.1
591 silly packumentCache full:https://registry.npmjs.org/picomatch cache-miss
592 http cache https://registry.npmjs.org/braces 19ms (cache hit)
593 silly packumentCache full:https://registry.npmjs.org/braces set size:114529 disposed:false
594 http cache https://registry.npmjs.org/picomatch 22ms (cache hit)
595 silly packumentCache full:https://registry.npmjs.org/picomatch set size:128942 disposed:false
596 silly placeDep ROOT flat-cache@4.0.1 OK for: file-entry-cache@8.0.0 want: ^4.0.0
597 silly fetch manifest keyv@^4.5.4
598 silly packumentCache full:https://registry.npmjs.org/keyv cache-miss
599 silly fetch manifest flatted@^3.2.9
600 silly packumentCache full:https://registry.npmjs.org/flatted cache-miss
601 http cache https://registry.npmjs.org/keyv 15ms (cache hit)
602 silly packumentCache full:https://registry.npmjs.org/keyv set size:224095 disposed:false
603 http cache https://registry.npmjs.org/flatted 21ms (cache hit)
604 silly packumentCache full:https://registry.npmjs.org/flatted set size:137347 disposed:false
605 silly placeDep ROOT flatted@3.4.2 OK for: flat-cache@4.0.1 want: ^3.2.9
606 silly placeDep ROOT keyv@4.5.4 OK for: flat-cache@4.0.1 want: ^4.5.4
607 silly fetch manifest json-buffer@3.0.1
608 silly packumentCache full:https://registry.npmjs.org/json-buffer cache-miss
609 http cache https://registry.npmjs.org/json-buffer 31ms (cache hit)
610 silly packumentCache full:https://registry.npmjs.org/json-buffer set size:23474 disposed:false
611 silly placeDep ROOT hermes-estree@0.25.1 OK for: hermes-parser@0.25.1 want: 0.25.1
612 silly placeDep ROOT parent-module@1.0.1 OK for: import-fresh@3.3.1 want: ^1.0.0
613 silly placeDep ROOT resolve-from@4.0.0 OK for: import-fresh@3.3.1 want: ^4.0.0
614 silly fetch manifest callsites@^3.0.0
615 silly packumentCache full:https://registry.npmjs.org/callsites cache-miss
616 http cache https://registry.npmjs.org/callsites 43ms (cache hit)
617 silly packumentCache full:https://registry.npmjs.org/callsites set size:21349 disposed:false
618 silly placeDep ROOT argparse@2.0.1 OK for: js-yaml@4.3.0 want: ^2.0.1
619 silly placeDep ROOT json-buffer@3.0.1 OK for: keyv@4.5.4 want: 3.0.1
620 silly placeDep ROOT yallist@3.1.1 OK for: lru-cache@5.1.1 want: ^3.0.2
621 silly placeDep ROOT braces@3.0.3 OK for: micromatch@4.0.8 want: ^3.0.3
622 silly placeDep ROOT picomatch@2.3.2 OK for: micromatch@4.0.8 want: ^2.3.1
623 silly fetch manifest fill-range@^7.1.1
624 silly packumentCache full:https://registry.npmjs.org/fill-range cache-miss
625 http cache https://registry.npmjs.org/fill-range 29ms (cache hit)
626 silly packumentCache full:https://registry.npmjs.org/fill-range set size:90162 disposed:false
627 silly placeDep ROOT fill-range@7.1.1 OK for: braces@3.0.3 want: ^7.1.1
628 silly fetch manifest to-regex-range@^5.0.1
629 silly packumentCache full:https://registry.npmjs.org/to-regex-range cache-miss
630 http cache https://registry.npmjs.org/to-regex-range 35ms (cache hit)
631 silly packumentCache full:https://registry.npmjs.org/to-regex-range set size:61569 disposed:false
632 silly placeDep ROOT to-regex-range@5.0.1 OK for: fill-range@7.1.1 want: ^5.0.1
633 silly fetch manifest is-number@^7.0.0
634 silly packumentCache full:https://registry.npmjs.org/is-number cache-miss
635 http cache https://registry.npmjs.org/is-number 26ms (cache hit)
636 silly packumentCache full:https://registry.npmjs.org/is-number set size:36183 disposed:false
637 silly fetch manifest react@^18.2.0 || 19.0.0-rc-de68d2f4-20241204 || ^19.0.0
638 silly packumentCache full:https://registry.npmjs.org/react cache-miss
639 http cache https://registry.npmjs.org/react 74ms (cache hit)
640 silly packumentCache full:https://registry.npmjs.org/react set size:6805811 disposed:false
641 silly placeDep ROOT @next/env@16.2.10 OK for: next@16.2.10 want: 16.2.10
642 silly placeDep ROOT @next/swc-darwin-arm64@16.2.10 OK for: next@16.2.10 want: 16.2.10
643 silly placeDep ROOT @next/swc-darwin-x64@16.2.10 OK for: next@16.2.10 want: 16.2.10
644 silly placeDep ROOT @next/swc-linux-arm64-gnu@16.2.10 OK for: next@16.2.10 want: 16.2.10
645 silly placeDep ROOT @next/swc-linux-arm64-musl@16.2.10 OK for: next@16.2.10 want: 16.2.10
646 silly placeDep ROOT @next/swc-linux-x64-gnu@16.2.10 OK for: next@16.2.10 want: 16.2.10
647 silly placeDep ROOT @next/swc-linux-x64-musl@16.2.10 OK for: next@16.2.10 want: 16.2.10
648 silly placeDep ROOT @next/swc-win32-arm64-msvc@16.2.10 OK for: next@16.2.10 want: 16.2.10
649 silly placeDep ROOT @next/swc-win32-x64-msvc@16.2.10 OK for: next@16.2.10 want: 16.2.10
650 silly placeDep ROOT @swc/helpers@0.5.15 OK for: next@16.2.10 want: 0.5.15
651 silly placeDep ROOT sharp@0.34.5 OK for: next@16.2.10 want: ^0.34.5
652 silly placeDep ROOT styled-jsx@5.1.6 OK for: next@16.2.10 want: 5.1.6
653 silly fetch manifest @img/colour@^1.0.0
654 silly packumentCache full:https://registry.npmjs.org/@img%2fcolour cache-miss
655 silly fetch manifest detect-libc@^2.1.2
656 silly packumentCache full:https://registry.npmjs.org/detect-libc cache-miss
657 silly fetch manifest @img/sharp-wasm32@0.34.5
658 silly packumentCache full:https://registry.npmjs.org/@img%2fsharp-wasm32 cache-miss
659 http fetch GET 200 https://registry.npmjs.org/detect-libc 101ms (cache miss)
660 silly packumentCache full:https://registry.npmjs.org/detect-libc set size:undefined disposed:false
661 silly fetch manifest @img/sharp-linux-arm@0.34.5
662 silly packumentCache full:https://registry.npmjs.org/@img%2fsharp-linux-arm cache-miss
663 http fetch GET 200 https://registry.npmjs.org/@img%2fsharp-wasm32 111ms (cache miss)
664 silly packumentCache full:https://registry.npmjs.org/@img%2fsharp-wasm32 set size:undefined disposed:false
665 silly fetch manifest @img/sharp-linux-x64@0.34.5
666 silly packumentCache full:https://registry.npmjs.org/@img%2fsharp-linux-x64 cache-miss
667 http fetch GET 200 https://registry.npmjs.org/@img%2fcolour 153ms (cache miss)
668 silly packumentCache full:https://registry.npmjs.org/@img%2fcolour set size:undefined disposed:false
669 silly fetch manifest @img/sharp-win32-x64@0.34.5
670 silly packumentCache full:https://registry.npmjs.org/@img%2fsharp-win32-x64 cache-miss
671 http fetch GET 200 https://registry.npmjs.org/@img%2fsharp-linux-arm 53ms (cache miss)
672 silly packumentCache full:https://registry.npmjs.org/@img%2fsharp-linux-arm set size:undefined disposed:false
673 silly fetch manifest @img/sharp-darwin-x64@0.34.5
674 silly packumentCache full:https://registry.npmjs.org/@img%2fsharp-darwin-x64 cache-miss
675 http fetch GET 200 https://registry.npmjs.org/@img%2fsharp-linux-x64 54ms (cache miss)
676 silly packumentCache full:https://registry.npmjs.org/@img%2fsharp-linux-x64 set size:undefined disposed:false
677 silly fetch manifest @img/sharp-win32-ia32@0.34.5
678 silly packumentCache full:https://registry.npmjs.org/@img%2fsharp-win32-ia32 cache-miss
679 http fetch GET 200 https://registry.npmjs.org/@img%2fsharp-win32-x64 40ms (cache miss)
680 silly packumentCache full:https://registry.npmjs.org/@img%2fsharp-win32-x64 set size:undefined disposed:false
681 silly fetch manifest @img/sharp-linux-arm64@0.34.5
682 silly packumentCache full:https://registry.npmjs.org/@img%2fsharp-linux-arm64 cache-miss
683 http fetch GET 200 https://registry.npmjs.org/@img%2fsharp-darwin-x64 55ms (cache miss)
684 silly packumentCache full:https://registry.npmjs.org/@img%2fsharp-darwin-x64 set size:undefined disposed:false
685 silly fetch manifest @img/sharp-linux-ppc64@0.34.5
686 silly packumentCache full:https://registry.npmjs.org/@img%2fsharp-linux-ppc64 cache-miss
687 http fetch GET 200 https://registry.npmjs.org/@img%2fsharp-linux-arm64 41ms (cache miss)
688 silly packumentCache full:https://registry.npmjs.org/@img%2fsharp-linux-arm64 set size:undefined disposed:false
689 silly fetch manifest @img/sharp-linux-s390x@0.34.5
690 silly packumentCache full:https://registry.npmjs.org/@img%2fsharp-linux-s390x cache-miss
691 http fetch GET 200 https://registry.npmjs.org/@img%2fsharp-linux-s390x 88ms (cache miss)
692 silly packumentCache full:https://registry.npmjs.org/@img%2fsharp-linux-s390x set size:undefined disposed:false
693 silly fetch manifest @img/sharp-win32-arm64@0.34.5
694 silly packumentCache full:https://registry.npmjs.org/@img%2fsharp-win32-arm64 cache-miss
695 http fetch GET 200 https://registry.npmjs.org/@img%2fsharp-linux-ppc64 115ms (cache miss)
696 silly packumentCache full:https://registry.npmjs.org/@img%2fsharp-linux-ppc64 set size:undefined disposed:false
697 silly fetch manifest @img/sharp-darwin-arm64@0.34.5
698 silly packumentCache full:https://registry.npmjs.org/@img%2fsharp-darwin-arm64 cache-miss
699 http fetch GET 200 https://registry.npmjs.org/@img%2fsharp-win32-arm64 50ms (cache miss)
700 silly packumentCache full:https://registry.npmjs.org/@img%2fsharp-win32-arm64 set size:undefined disposed:false
701 silly fetch manifest @img/sharp-linux-riscv64@0.34.5
702 silly packumentCache full:https://registry.npmjs.org/@img%2fsharp-linux-riscv64 cache-miss
703 http fetch GET 200 https://registry.npmjs.org/@img%2fsharp-darwin-arm64 59ms (cache miss)
704 silly packumentCache full:https://registry.npmjs.org/@img%2fsharp-darwin-arm64 set size:undefined disposed:false
705 silly fetch manifest @img/sharp-linuxmusl-x64@0.34.5
706 silly packumentCache full:https://registry.npmjs.org/@img%2fsharp-linuxmusl-x64 cache-miss
707 http fetch GET 200 https://registry.npmjs.org/@img%2fsharp-linux-riscv64 40ms (cache miss)
708 silly packumentCache full:https://registry.npmjs.org/@img%2fsharp-linux-riscv64 set size:undefined disposed:false
709 silly fetch manifest @img/sharp-linuxmusl-arm64@0.34.5
710 silly packumentCache full:https://registry.npmjs.org/@img%2fsharp-linuxmusl-arm64 cache-miss
711 http fetch GET 200 https://registry.npmjs.org/@img%2fsharp-linuxmusl-x64 46ms (cache miss)
712 silly packumentCache full:https://registry.npmjs.org/@img%2fsharp-linuxmusl-x64 set size:undefined disposed:false
713 silly fetch manifest @img/sharp-libvips-linux-arm@1.2.4
714 silly packumentCache full:https://registry.npmjs.org/@img%2fsharp-libvips-linux-arm cache-miss
715 http fetch GET 200 https://registry.npmjs.org/@img%2fsharp-linuxmusl-arm64 51ms (cache miss)
716 silly packumentCache full:https://registry.npmjs.org/@img%2fsharp-linuxmusl-arm64 set size:undefined disposed:false
717 silly fetch manifest @img/sharp-libvips-linux-x64@1.2.4
718 silly packumentCache full:https://registry.npmjs.org/@img%2fsharp-libvips-linux-x64 cache-miss
719 http fetch GET 200 https://registry.npmjs.org/@img%2fsharp-win32-ia32 313ms (cache miss)
720 silly packumentCache full:https://registry.npmjs.org/@img%2fsharp-win32-ia32 set size:undefined disposed:false
721 silly fetch manifest @img/sharp-libvips-darwin-x64@1.2.4
722 silly packumentCache full:https://registry.npmjs.org/@img%2fsharp-libvips-darwin-x64 cache-miss
723 http fetch GET 200 https://registry.npmjs.org/@img%2fsharp-libvips-linux-arm 50ms (cache miss)
724 silly packumentCache full:https://registry.npmjs.org/@img%2fsharp-libvips-linux-arm set size:undefined disposed:false
725 silly fetch manifest @img/sharp-libvips-linux-arm64@1.2.4
726 silly packumentCache full:https://registry.npmjs.org/@img%2fsharp-libvips-linux-arm64 cache-miss
727 http fetch GET 200 https://registry.npmjs.org/@img%2fsharp-libvips-linux-x64 42ms (cache miss)
728 silly packumentCache full:https://registry.npmjs.org/@img%2fsharp-libvips-linux-x64 set size:undefined disposed:false
729 silly fetch manifest @img/sharp-libvips-linux-ppc64@1.2.4
730 silly packumentCache full:https://registry.npmjs.org/@img%2fsharp-libvips-linux-ppc64 cache-miss
731 http fetch GET 200 https://registry.npmjs.org/@img%2fsharp-libvips-darwin-x64 42ms (cache miss)
732 silly packumentCache full:https://registry.npmjs.org/@img%2fsharp-libvips-darwin-x64 set size:undefined disposed:false
733 silly fetch manifest @img/sharp-libvips-linux-s390x@1.2.4
734 silly packumentCache full:https://registry.npmjs.org/@img%2fsharp-libvips-linux-s390x cache-miss
735 http fetch GET 200 https://registry.npmjs.org/@img%2fsharp-libvips-linux-arm64 49ms (cache miss)
736 silly packumentCache full:https://registry.npmjs.org/@img%2fsharp-libvips-linux-arm64 set size:undefined disposed:false
737 silly fetch manifest @img/sharp-libvips-darwin-arm64@1.2.4
738 silly packumentCache full:https://registry.npmjs.org/@img%2fsharp-libvips-darwin-arm64 cache-miss
739 http fetch GET 200 https://registry.npmjs.org/@img%2fsharp-libvips-linux-ppc64 47ms (cache miss)
740 silly packumentCache full:https://registry.npmjs.org/@img%2fsharp-libvips-linux-ppc64 set size:undefined disposed:false
741 silly fetch manifest @img/sharp-libvips-linux-riscv64@1.2.4
742 silly packumentCache full:https://registry.npmjs.org/@img%2fsharp-libvips-linux-riscv64 cache-miss
743 http fetch GET 200 https://registry.npmjs.org/@img%2fsharp-libvips-linux-s390x 50ms (cache miss)
744 silly packumentCache full:https://registry.npmjs.org/@img%2fsharp-libvips-linux-s390x set size:undefined disposed:false
745 silly fetch manifest @img/sharp-libvips-linuxmusl-x64@1.2.4
746 silly packumentCache full:https://registry.npmjs.org/@img%2fsharp-libvips-linuxmusl-x64 cache-miss
747 http fetch GET 200 https://registry.npmjs.org/@img%2fsharp-libvips-linux-riscv64 36ms (cache miss)
748 silly packumentCache full:https://registry.npmjs.org/@img%2fsharp-libvips-linux-riscv64 set size:undefined disposed:false
749 silly fetch manifest @img/sharp-libvips-linuxmusl-arm64@1.2.4
750 silly packumentCache full:https://registry.npmjs.org/@img%2fsharp-libvips-linuxmusl-arm64 cache-miss
751 http fetch GET 200 https://registry.npmjs.org/@img%2fsharp-libvips-darwin-arm64 62ms (cache miss)
752 silly packumentCache full:https://registry.npmjs.org/@img%2fsharp-libvips-darwin-arm64 set size:undefined disposed:false
753 silly fetch manifest client-only@0.0.1
754 silly packumentCache full:https://registry.npmjs.org/client-only cache-miss
755 http cache https://registry.npmjs.org/client-only 10ms (cache hit)
756 silly packumentCache full:https://registry.npmjs.org/client-only set size:2750 disposed:false
757 http fetch GET 200 https://registry.npmjs.org/@img%2fsharp-libvips-linuxmusl-x64 48ms (cache miss)
758 silly packumentCache full:https://registry.npmjs.org/@img%2fsharp-libvips-linuxmusl-x64 set size:undefined disposed:false
759 http fetch GET 200 https://registry.npmjs.org/@img%2fsharp-libvips-linuxmusl-arm64 50ms (cache miss)
760 silly packumentCache full:https://registry.npmjs.org/@img%2fsharp-libvips-linuxmusl-arm64 set size:undefined disposed:false
761 silly placeDep ROOT callsites@3.1.0 OK for: parent-module@1.0.1 want: ^3.0.0
762 silly placeDep ROOT scheduler@0.27.0 OK for: react-dom@19.2.7 want: ^0.27.0
763 silly placeDep ROOT @img/colour@1.1.0 OK for: sharp@0.34.5 want: ^1.0.0
764 silly placeDep ROOT @img/sharp-darwin-arm64@0.34.5 OK for: sharp@0.34.5 want: 0.34.5
765 silly placeDep ROOT @img/sharp-darwin-x64@0.34.5 OK for: sharp@0.34.5 want: 0.34.5
766 silly placeDep ROOT @img/sharp-libvips-darwin-arm64@1.2.4 OK for: sharp@0.34.5 want: 1.2.4
767 silly placeDep ROOT @img/sharp-libvips-darwin-x64@1.2.4 OK for: sharp@0.34.5 want: 1.2.4
768 silly placeDep ROOT @img/sharp-libvips-linux-arm@1.2.4 OK for: sharp@0.34.5 want: 1.2.4
769 silly placeDep ROOT @img/sharp-libvips-linux-arm64@1.2.4 OK for: sharp@0.34.5 want: 1.2.4
770 silly placeDep ROOT @img/sharp-libvips-linux-ppc64@1.2.4 OK for: sharp@0.34.5 want: 1.2.4
771 silly placeDep ROOT @img/sharp-libvips-linux-riscv64@1.2.4 OK for: sharp@0.34.5 want: 1.2.4
772 silly placeDep ROOT @img/sharp-libvips-linux-s390x@1.2.4 OK for: sharp@0.34.5 want: 1.2.4
773 silly placeDep ROOT @img/sharp-libvips-linux-x64@1.2.4 OK for: sharp@0.34.5 want: 1.2.4
774 silly placeDep ROOT @img/sharp-libvips-linuxmusl-arm64@1.2.4 OK for: sharp@0.34.5 want: 1.2.4
775 silly placeDep ROOT @img/sharp-libvips-linuxmusl-x64@1.2.4 OK for: sharp@0.34.5 want: 1.2.4
776 silly placeDep ROOT @img/sharp-linux-arm@0.34.5 OK for: sharp@0.34.5 want: 0.34.5
777 silly placeDep ROOT @img/sharp-linux-arm64@0.34.5 OK for: sharp@0.34.5 want: 0.34.5
778 silly placeDep ROOT @img/sharp-linux-ppc64@0.34.5 OK for: sharp@0.34.5 want: 0.34.5
779 silly placeDep ROOT @img/sharp-linux-riscv64@0.34.5 OK for: sharp@0.34.5 want: 0.34.5
780 silly placeDep ROOT @img/sharp-linux-s390x@0.34.5 OK for: sharp@0.34.5 want: 0.34.5
781 silly placeDep ROOT @img/sharp-linux-x64@0.34.5 OK for: sharp@0.34.5 want: 0.34.5
782 silly placeDep ROOT @img/sharp-linuxmusl-arm64@0.34.5 OK for: sharp@0.34.5 want: 0.34.5
783 silly placeDep ROOT @img/sharp-linuxmusl-x64@0.34.5 OK for: sharp@0.34.5 want: 0.34.5
784 silly placeDep ROOT @img/sharp-wasm32@0.34.5 OK for: sharp@0.34.5 want: 0.34.5
785 silly placeDep ROOT @img/sharp-win32-arm64@0.34.5 OK for: sharp@0.34.5 want: 0.34.5
786 silly placeDep ROOT @img/sharp-win32-ia32@0.34.5 OK for: sharp@0.34.5 want: 0.34.5
787 silly placeDep ROOT @img/sharp-win32-x64@0.34.5 OK for: sharp@0.34.5 want: 0.34.5
788 silly placeDep ROOT detect-libc@2.1.2 OK for: sharp@0.34.5 want: ^2.1.2
789 silly placeDep ROOT client-only@0.0.1 OK for: styled-jsx@5.1.6 want: 0.0.1
790 silly placeDep ROOT is-number@7.0.0 OK for: to-regex-range@5.0.1 want: ^7.0.0
791 silly fetch manifest eslint@^8.57.0 || ^9.0.0 || ^10.0.0
792 silly packumentCache full:https://registry.npmjs.org/eslint cache-miss
793 http cache https://registry.npmjs.org/eslint 60ms (cache hit)
794 silly packumentCache full:https://registry.npmjs.org/eslint set size:2033084 disposed:false
795 silly placeDep ROOT @typescript-eslint/eslint-plugin@8.64.0 OK for: typescript-eslint@8.64.0 want: 8.64.0
796 silly placeDep ROOT @typescript-eslint/parser@8.64.0 OK for: @typescript-eslint/eslint-plugin@8.64.0 want: ^8.64.0
797 silly placeDep ROOT @typescript-eslint/typescript-estree@8.64.0 OK for: typescript-eslint@8.64.0 want: 8.64.0
798 silly placeDep ROOT @typescript-eslint/utils@8.64.0 OK for: typescript-eslint@8.64.0 want: 8.64.0
799 silly fetch manifest ignore@^7.0.5
800 silly packumentCache full:https://registry.npmjs.org/ignore cache-miss
801 silly fetch manifest ts-api-utils@^2.5.0
802 silly packumentCache full:https://registry.npmjs.org/ts-api-utils cache-miss
803 silly fetch manifest @typescript-eslint/type-utils@8.64.0
804 silly packumentCache full:https://registry.npmjs.org/@typescript-eslint%2ftype-utils cache-miss
805 http cache https://registry.npmjs.org/ts-api-utils 136ms (cache hit)
806 silly packumentCache full:https://registry.npmjs.org/ts-api-utils set size:226785 disposed:false
807 silly fetch manifest @typescript-eslint/visitor-keys@8.64.0
808 silly packumentCache full:https://registry.npmjs.org/@typescript-eslint%2fvisitor-keys cache-miss
809 http cache https://registry.npmjs.org/ignore 160ms (cache hit)
810 silly packumentCache full:https://registry.npmjs.org/ignore set size:240910 disposed:false
811 silly fetch manifest @typescript-eslint/scope-manager@8.64.0
812 silly packumentCache full:https://registry.npmjs.org/@typescript-eslint%2fscope-manager cache-miss
813 http cache https://registry.npmjs.org/@typescript-eslint%2fvisitor-keys 124ms (cache hit)
814 silly packumentCache full:https://registry.npmjs.org/@typescript-eslint%2fvisitor-keys set size:12134092 disposed:false
815 silly fetch manifest @typescript-eslint/types@8.64.0
816 silly packumentCache full:https://registry.npmjs.org/@typescript-eslint%2ftypes cache-miss
817 http fetch GET 200 https://registry.npmjs.org/@typescript-eslint%2ftype-utils 634ms (cache miss)
818 silly packumentCache full:https://registry.npmjs.org/@typescript-eslint%2ftype-utils set size:undefined disposed:false
819 silly fetch manifest @typescript-eslint/scope-manager@8.64.0
820 silly packumentCache full:https://registry.npmjs.org/@typescript-eslint%2fscope-manager cache-miss
821 http cache https://registry.npmjs.org/@typescript-eslint%2fscope-manager 685ms (cache hit)
822 silly packumentCache full:https://registry.npmjs.org/@typescript-eslint%2fscope-manager set size:12757972 disposed:false
823 silly fetch manifest minimatch@^10.2.2
824 silly packumentCache full:https://registry.npmjs.org/minimatch cache-miss
825 http cache https://registry.npmjs.org/@typescript-eslint%2fscope-manager 613ms (cache hit)
826 silly packumentCache full:https://registry.npmjs.org/@typescript-eslint%2fscope-manager set size:12757972 disposed:false
827 silly fetch manifest @typescript-eslint/types@8.64.0
828 silly packumentCache full:https://registry.npmjs.org/@typescript-eslint%2ftypes cache-miss
829 http cache https://registry.npmjs.org/@typescript-eslint%2ftypes 1218ms (cache hit)
830 silly packumentCache full:https://registry.npmjs.org/@typescript-eslint%2ftypes set size:12576654 disposed:false
831 silly fetch manifest @typescript-eslint/tsconfig-utils@8.64.0
832 silly packumentCache full:https://registry.npmjs.org/@typescript-eslint%2ftsconfig-utils cache-miss
833 http cache https://registry.npmjs.org/minimatch 1828ms (cache hit)
834 silly packumentCache full:https://registry.npmjs.org/minimatch set size:375282 disposed:false
835 silly fetch manifest @typescript-eslint/project-service@8.64.0
836 silly packumentCache full:https://registry.npmjs.org/@typescript-eslint%2fproject-service cache-miss
837 http cache https://registry.npmjs.org/@typescript-eslint%2ftypes 1402ms (cache hit)
838 silly packumentCache full:https://registry.npmjs.org/@typescript-eslint%2ftypes set size:12576654 disposed:false
839 http fetch GET 200 https://registry.npmjs.org/@typescript-eslint%2ftsconfig-utils 2250ms (cache miss)
840 silly packumentCache full:https://registry.npmjs.org/@typescript-eslint%2ftsconfig-utils set size:undefined disposed:false
841 http fetch GET 200 https://registry.npmjs.org/@typescript-eslint%2fproject-service 1323ms (cache miss)
842 silly packumentCache full:https://registry.npmjs.org/@typescript-eslint%2fproject-service set size:undefined disposed:false
843 silly placeDep ROOT @typescript-eslint/scope-manager@8.64.0 OK for: @typescript-eslint/eslint-plugin@8.64.0 want: 8.64.0
844 silly placeDep ROOT @typescript-eslint/type-utils@8.64.0 OK for: @typescript-eslint/eslint-plugin@8.64.0 want: 8.64.0
845 silly placeDep ROOT @typescript-eslint/visitor-keys@8.64.0 OK for: @typescript-eslint/eslint-plugin@8.64.0 want: 8.64.0
846 silly placeDep node_modules/@typescript-eslint/eslint-plugin ignore@7.0.6 OK for: @typescript-eslint/eslint-plugin@8.64.0 want: ^7.0.5
847 silly placeDep ROOT ts-api-utils@2.5.0 OK for: @typescript-eslint/eslint-plugin@8.64.0 want: ^2.5.0
848 silly fetch manifest eslint-visitor-keys@^5.0.0
849 silly packumentCache full:https://registry.npmjs.org/eslint-visitor-keys cache-hit
850 silly placeDep ROOT @typescript-eslint/types@8.64.0 OK for: @typescript-eslint/parser@8.64.0 want: 8.64.0
851 silly placeDep ROOT @typescript-eslint/project-service@8.64.0 OK for: @typescript-eslint/typescript-estree@8.64.0 want: 8.64.0
852 silly placeDep ROOT @typescript-eslint/tsconfig-utils@8.64.0 OK for: @typescript-eslint/typescript-estree@8.64.0 want: 8.64.0
853 silly placeDep node_modules/@typescript-eslint/typescript-estree minimatch@10.2.5 OK for: @typescript-eslint/typescript-estree@8.64.0 want: ^10.2.2
854 silly fetch manifest @typescript-eslint/tsconfig-utils@^8.64.0
855 silly packumentCache full:https://registry.npmjs.org/@typescript-eslint%2ftsconfig-utils cache-miss
856 silly fetch manifest brace-expansion@^5.0.5
857 silly packumentCache full:https://registry.npmjs.org/brace-expansion cache-miss
858 http cache https://registry.npmjs.org/@typescript-eslint%2ftsconfig-utils 40ms (cache hit)
859 silly packumentCache full:https://registry.npmjs.org/@typescript-eslint%2ftsconfig-utils set size:1549604 disposed:false
860 http cache https://registry.npmjs.org/brace-expansion 115ms (cache hit)
861 silly packumentCache full:https://registry.npmjs.org/brace-expansion set size:78539 disposed:false
862 silly placeDep node_modules/@typescript-eslint/visitor-keys eslint-visitor-keys@5.0.1 OK for: @typescript-eslint/visitor-keys@8.64.0 want: ^5.0.0
863 silly placeDep ROOT escalade@3.2.0 OK for: update-browserslist-db@1.2.3 want: ^3.2.0
864 silly placeDep ROOT punycode@2.3.1 OK for: uri-js@4.4.1 want: ^2.1.0
865 silly placeDep node_modules/@typescript-eslint/typescript-estree brace-expansion@5.0.7 OK for: minimatch@10.2.5 want: ^5.0.5
866 silly fetch manifest balanced-match@^4.0.2
867 silly packumentCache full:https://registry.npmjs.org/balanced-match cache-miss
868 http cache https://registry.npmjs.org/balanced-match 38ms (cache hit)
869 silly packumentCache full:https://registry.npmjs.org/balanced-match set size:39082 disposed:false
870 silly placeDep node_modules/@typescript-eslint/typescript-estree balanced-match@4.0.4 OK for: brace-expansion@5.0.7 want: ^4.0.2
871 silly reify mark retired [ 'C:\\Users\\HP\\mamaai\\node_modules\\@next\\env' ]
872 silly reify mark retired [ 'C:\\Users\\HP\\mamaai\\node_modules\\@next\\swc-win32-x64-msvc' ]
873 silly reify mark retired [ 'C:\\Users\\HP\\mamaai\\node_modules\\@swc\\counter' ]
874 silly reify mark retired [ 'C:\\Users\\HP\\mamaai\\node_modules\\@swc\\helpers' ]
875 silly reify mark retired [ 'C:\\Users\\HP\\mamaai\\node_modules\\busboy' ]
876 silly reify mark retired [ 'C:\\Users\\HP\\mamaai\\node_modules\\graceful-fs' ]
877 silly reify mark retired [ 'C:\\Users\\HP\\mamaai\\node_modules\\js-tokens' ]
878 silly reify mark retired [
878 silly reify   'C:\\Users\\HP\\mamaai\\node_modules\\loose-envify',
878 silly reify   'C:\\Users\\HP\\mamaai\\node_modules\\.bin\\loose-envify',
878 silly reify   'C:\\Users\\HP\\mamaai\\node_modules\\.bin\\loose-envify.cmd',
878 silly reify   'C:\\Users\\HP\\mamaai\\node_modules\\.bin\\loose-envify.ps1'
878 silly reify ]
879 silly reify mark retired [
879 silly reify   'C:\\Users\\HP\\mamaai\\node_modules\\next',
879 silly reify   'C:\\Users\\HP\\mamaai\\node_modules\\.bin\\next',
879 silly reify   'C:\\Users\\HP\\mamaai\\node_modules\\.bin\\next.cmd',
879 silly reify   'C:\\Users\\HP\\mamaai\\node_modules\\.bin\\next.ps1'
879 silly reify ]
880 silly reify mark retired [ 'C:\\Users\\HP\\mamaai\\node_modules\\react' ]
881 silly reify mark retired [ 'C:\\Users\\HP\\mamaai\\node_modules\\react-dom' ]
882 silly reify mark retired [ 'C:\\Users\\HP\\mamaai\\node_modules\\scheduler' ]
883 silly reify mark retired [ 'C:\\Users\\HP\\mamaai\\node_modules\\streamsearch' ]
884 silly reify mark retired [ 'C:\\Users\\HP\\mamaai\\node_modules\\styled-jsx' ]
885 silly reify moves {
885 silly reify   'C:\\Users\\HP\\mamaai\\node_modules\\@next\\env': 'C:\\Users\\HP\\mamaai\\node_modules\\@next\\.env-4PX9r3d5',
885 silly reify   'C:\\Users\\HP\\mamaai\\node_modules\\@next\\swc-win32-x64-msvc': 'C:\\Users\\HP\\mamaai\\node_modules\\@next\\.swc-win32-x64-msvc-qtQeWfVl',
885 silly reify   'C:\\Users\\HP\\mamaai\\node_modules\\@swc\\counter': 'C:\\Users\\HP\\mamaai\\node_modules\\@swc\\.counter-16giYob3',
885 silly reify   'C:\\Users\\HP\\mamaai\\node_modules\\@swc\\helpers': 'C:\\Users\\HP\\mamaai\\node_modules\\@swc\\.helpers-aEQBixhh',
885 silly reify   'C:\\Users\\HP\\mamaai\\node_modules\\busboy': 'C:\\Users\\HP\\mamaai\\node_modules\\.busboy-UdXbmhWH',
885 silly reify   'C:\\Users\\HP\\mamaai\\node_modules\\graceful-fs': 'C:\\Users\\HP\\mamaai\\node_modules\\.graceful-fs-QhyQUZMK',
885 silly reify   'C:\\Users\\HP\\mamaai\\node_modules\\js-tokens': 'C:\\Users\\HP\\mamaai\\node_modules\\.js-tokens-OJYdecDn',
885 silly reify   'C:\\Users\\HP\\mamaai\\node_modules\\loose-envify': 'C:\\Users\\HP\\mamaai\\node_modules\\.loose-envify-CM9NVdkc',
885 silly reify   'C:\\Users\\HP\\mamaai\\node_modules\\.bin\\loose-envify': 'C:\\Users\\HP\\mamaai\\node_modules\\.bin\\.loose-envify-R9vff5Sv',
885 silly reify   'C:\\Users\\HP\\mamaai\\node_modules\\.bin\\loose-envify.cmd': 'C:\\Users\\HP\\mamaai\\node_modules\\.bin\\.loose-envify.cmd-hEl3jSJB',
885 silly reify   'C:\\Users\\HP\\mamaai\\node_modules\\.bin\\loose-envify.ps1': 'C:\\Users\\HP\\mamaai\\node_modules\\.bin\\.loose-envify.ps1-YTYm3iok',
885 silly reify   'C:\\Users\\HP\\mamaai\\node_modules\\next': 'C:\\Users\\HP\\mamaai\\node_modules\\.next-eAf9VlJ7',
885 silly reify   'C:\\Users\\HP\\mamaai\\node_modules\\.bin\\next': 'C:\\Users\\HP\\mamaai\\node_modules\\.bin\\.next-9NqBXxYf',
885 silly reify   'C:\\Users\\HP\\mamaai\\node_modules\\.bin\\next.cmd': 'C:\\Users\\HP\\mamaai\\node_modules\\.bin\\.next.cmd-AZ8sAIsR',
885 silly reify   'C:\\Users\\HP\\mamaai\\node_modules\\.bin\\next.ps1': 'C:\\Users\\HP\\mamaai\\node_modules\\.bin\\.next.ps1-X1MGP36k',
885 silly reify   'C:\\Users\\HP\\mamaai\\node_modules\\react': 'C:\\Users\\HP\\mamaai\\node_modules\\.react-umhFE6e5',
885 silly reify   'C:\\Users\\HP\\mamaai\\node_modules\\react-dom': 'C:\\Users\\HP\\mamaai\\node_modules\\.react-dom-n63D4QBD',
885 silly reify   'C:\\Users\\HP\\mamaai\\node_modules\\scheduler': 'C:\\Users\\HP\\mamaai\\node_modules\\.scheduler-3p57UjeP',
885 silly reify   'C:\\Users\\HP\\mamaai\\node_modules\\streamsearch': 'C:\\Users\\HP\\mamaai\\node_modules\\.streamsearch-FgWbbTZi',
885 silly reify   'C:\\Users\\HP\\mamaai\\node_modules\\styled-jsx': 'C:\\Users\\HP\\mamaai\\node_modules\\.styled-jsx-aX5nd9Y0'
885 silly reify }
886 silly audit bulk request {
886 silly audit   '@emnapi/runtime': [ '1.10.0' ],
886 silly audit   'caniuse-lite': [ '1.0.30001806' ],
886 silly audit   semver: [ '7.8.5' ],
886 silly audit   nanoid: [ '3.3.16' ],
886 silly audit   picocolors: [ '1.1.1' ],
886 silly audit   postcss: [ '8.4.31' ],
886 silly audit   'source-map-js': [ '1.2.1' ],
886 silly audit   tslib: [ '2.8.1' ],
886 silly audit   zod: [ '3.23.8' ],
886 silly audit   next: [ '16.2.10' ],
886 silly audit   react: [ '19.2.7' ],
886 silly audit   'react-dom': [ '19.2.7' ],
886 silly audit   'baseline-browser-mapping': [ '2.10.43' ],
886 silly audit   '@next/env': [ '16.2.10' ],
886 silly audit   '@next/swc-darwin-arm64': [ '16.2.10' ],
886 silly audit   '@next/swc-darwin-x64': [ '16.2.10' ],
886 silly audit   '@next/swc-linux-arm64-gnu': [ '16.2.10' ],
886 silly audit   '@next/swc-linux-arm64-musl': [ '16.2.10' ],
886 silly audit   '@next/swc-linux-x64-gnu': [ '16.2.10' ],
886 silly audit   '@next/swc-linux-x64-musl': [ '16.2.10' ],
886 silly audit   '@next/swc-win32-arm64-msvc': [ '16.2.10' ],
886 silly audit   '@next/swc-win32-x64-msvc': [ '16.2.10' ],
886 silly audit   '@swc/helpers': [ '0.5.15' ],
886 silly audit   sharp: [ '0.34.5' ],
886 silly audit   'styled-jsx': [ '5.1.6' ],
886 silly audit   scheduler: [ '0.27.0' ],
886 silly audit   '@img/colour': [ '1.1.0' ],
886 silly audit   '@img/sharp-darwin-arm64': [ '0.34.5' ],
886 silly audit   '@img/sharp-darwin-x64': [ '0.34.5' ],
886 silly audit   '@img/sharp-libvips-darwin-arm64': [ '1.2.4' ],
886 silly audit   '@img/sharp-libvips-darwin-x64': [ '1.2.4' ],
886 silly audit   '@img/sharp-libvips-linux-arm': [ '1.2.4' ],
886 silly audit   '@img/sharp-libvips-linux-arm64': [ '1.2.4' ],
886 silly audit   '@img/sharp-libvips-linux-ppc64': [ '1.2.4' ],
886 silly audit   '@img/sharp-libvips-linux-riscv64': [ '1.2.4' ],
886 silly audit   '@img/sharp-libvips-linux-s390x': [ '1.2.4' ],
886 silly audit   '@img/sharp-libvips-linux-x64': [ '1.2.4' ],
886 silly audit   '@img/sharp-libvips-linuxmusl-arm64': [ '1.2.4' ],
886 silly audit   '@img/sharp-libvips-linuxmusl-x64': [ '1.2.4' ],
886 silly audit   '@img/sharp-linux-arm': [ '0.34.5' ],
886 silly audit   '@img/sharp-linux-arm64': [ '0.34.5' ],
886 silly audit   '@img/sharp-linux-ppc64': [ '0.34.5' ],
886 silly audit   '@img/sharp-linux-riscv64': [ '0.34.5' ],
886 silly audit   '@img/sharp-linux-s390x': [ '0.34.5' ],
886 silly audit   '@img/sharp-linux-x64': [ '0.34.5' ],
886 silly audit   '@img/sharp-linuxmusl-arm64': [ '0.34.5' ],
886 silly audit   '@img/sharp-linuxmusl-x64': [ '0.34.5' ],
886 silly audit   '@img/sharp-wasm32': [ '0.34.5' ],
886 silly audit   '@img/sharp-win32-arm64': [ '0.34.5' ],
886 silly audit   '@img/sharp-win32-ia32': [ '0.34.5' ],
886 silly audit   '@img/sharp-win32-x64': [ '0.34.5' ],
886 silly audit   'detect-libc': [ '2.1.2' ],
886 silly audit   'client-only': [ '0.0.1' ]
886 silly audit }
887 http cache detect-libc@https://registry.npmjs.org/detect-libc/-/detect-libc-2.1.2.tgz 0ms (cache hit)
888 http cache @img/sharp-win32-x64@https://registry.npmjs.org/@img/sharp-win32-x64/-/sharp-win32-x64-0.34.5.tgz 0ms (cache hit)
889 http cache @img/colour@https://registry.npmjs.org/@img/colour/-/colour-1.1.0.tgz 0ms (cache hit)
890 http cache sharp@https://registry.npmjs.org/sharp/-/sharp-0.34.5.tgz 0ms (cache hit)
891 http cache baseline-browser-mapping@https://registry.npmjs.org/baseline-browser-mapping/-/baseline-browser-mapping-2.10.43.tgz 0ms (cache hit)
892 http cache semver@https://registry.npmjs.org/semver/-/semver-7.8.5.tgz 0ms (cache hit)
893 http cache styled-jsx@https://registry.npmjs.org/styled-jsx/-/styled-jsx-5.1.6.tgz 0ms (cache hit)
894 http cache scheduler@https://registry.npmjs.org/scheduler/-/scheduler-0.27.0.tgz 0ms (cache hit)
895 http cache react-dom@https://registry.npmjs.org/react-dom/-/react-dom-19.2.7.tgz 0ms (cache hit)
896 http cache react@https://registry.npmjs.org/react/-/react-19.2.7.tgz 1ms (cache hit)
897 http cache next@https://registry.npmjs.org/next/-/next-16.2.10.tgz 0ms (cache hit)
898 http cache @swc/helpers@https://registry.npmjs.org/@swc/helpers/-/helpers-0.5.15.tgz 0ms (cache hit)
899 http cache @next/swc-win32-x64-msvc@https://registry.npmjs.org/@next/swc-win32-x64-msvc/-/swc-win32-x64-msvc-16.2.10.tgz 0ms (cache hit)
900 silly tarball no local data for detect-libc@https://registry.npmjs.org/detect-libc/-/detect-libc-2.1.2.tgz. Extracting by manifest.
901 http cache @next/env@https://registry.npmjs.org/@next/env/-/env-16.2.10.tgz 0ms (cache hit)
902 silly tarball no local data for @img/sharp-win32-x64@https://registry.npmjs.org/@img/sharp-win32-x64/-/sharp-win32-x64-0.34.5.tgz. Extracting by manifest.
903 silly tarball no local data for sharp@https://registry.npmjs.org/sharp/-/sharp-0.34.5.tgz. Extracting by manifest.
904 silly tarball no local data for baseline-browser-mapping@https://registry.npmjs.org/baseline-browser-mapping/-/baseline-browser-mapping-2.10.43.tgz. Extracting by manifest.
905 silly tarball no local data for semver@https://registry.npmjs.org/semver/-/semver-7.8.5.tgz. Extracting by manifest.
906 silly tarball no local data for react-dom@https://registry.npmjs.org/react-dom/-/react-dom-19.2.7.tgz. Extracting by manifest.
907 silly tarball no local data for react@https://registry.npmjs.org/react/-/react-19.2.7.tgz. Extracting by manifest.
908 silly tarball no local data for next@https://registry.npmjs.org/next/-/next-16.2.10.tgz. Extracting by manifest.
909 silly tarball no local data for @swc/helpers@https://registry.npmjs.org/@swc/helpers/-/helpers-0.5.15.tgz. Extracting by manifest.
910 silly tarball no local data for @next/swc-win32-x64-msvc@https://registry.npmjs.org/@next/swc-win32-x64-msvc/-/swc-win32-x64-msvc-16.2.10.tgz. Extracting by manifest.
911 silly tarball no local data for @img/colour@https://registry.npmjs.org/@img/colour/-/colour-1.1.0.tgz. Extracting by manifest.
912 silly tarball no local data for scheduler@https://registry.npmjs.org/scheduler/-/scheduler-0.27.0.tgz. Extracting by manifest.
913 silly tarball no local data for @next/env@https://registry.npmjs.org/@next/env/-/env-16.2.10.tgz. Extracting by manifest.
914 silly tarball no local data for styled-jsx@https://registry.npmjs.org/styled-jsx/-/styled-jsx-5.1.6.tgz. Extracting by manifest.
915 http fetch POST 200 https://registry.npmjs.org/-/npm/v1/security/advisories/bulk 875ms
916 silly audit report {
916 silly audit report   postcss: [
916 silly audit report     {
916 silly audit report       id: 1117015,
916 silly audit report       url: 'https://github.com/advisories/GHSA-qx2v-qp2m-jg93',
916 silly audit report       title: 'PostCSS has XSS via Unescaped </style> in its CSS Stringify Output',
916 silly audit report       severity: 'moderate',
916 silly audit report       vulnerable_versions: '<8.5.10',
916 silly audit report       cwe: [Array],
916 silly audit report       cvss: [Object]
916 silly audit report     }
916 silly audit report   ]
916 silly audit report }
917 silly packumentCache corgi:https://registry.npmjs.org/postcss cache-miss
918 http fetch GET 200 https://registry.npmjs.org/detect-libc/-/detect-libc-2.1.2.tgz 877ms (cache miss)
919 http fetch GET 200 https://registry.npmjs.org/@next/env/-/env-16.2.10.tgz 878ms (cache miss)
920 http cache https://registry.npmjs.org/postcss 149ms (cache hit)
921 silly packumentCache corgi:https://registry.npmjs.org/postcss set size:349702 disposed:false
922 silly packumentCache corgi:https://registry.npmjs.org/next cache-miss
923 http fetch GET 200 https://registry.npmjs.org/@img/colour/-/colour-1.1.0.tgz 1321ms (cache miss)
924 http cache https://registry.npmjs.org/next 516ms (cache hit)
925 silly packumentCache corgi:https://registry.npmjs.org/next set size:25371304 disposed:false
926 http fetch GET 200 https://registry.npmjs.org/baseline-browser-mapping/-/baseline-browser-mapping-2.10.43.tgz 2655ms (cache miss)
927 http fetch GET 200 https://registry.npmjs.org/scheduler/-/scheduler-0.27.0.tgz 2648ms (cache miss)
928 http fetch GET 200 https://registry.npmjs.org/react/-/react-19.2.7.tgz 2962ms (cache miss)
929 http fetch GET 200 https://registry.npmjs.org/styled-jsx/-/styled-jsx-5.1.6.tgz 3074ms (cache miss)
930 http fetch GET 200 https://registry.npmjs.org/sharp/-/sharp-0.34.5.tgz 3479ms (cache miss)
931 http fetch GET 200 https://registry.npmjs.org/semver/-/semver-7.8.5.tgz 3517ms (cache miss)
932 http fetch GET 200 https://registry.npmjs.org/react-dom/-/react-dom-19.2.7.tgz 4954ms (cache miss)
933 http fetch GET 200 https://registry.npmjs.org/@img/sharp-win32-x64/-/sharp-win32-x64-0.34.5.tgz 5579ms (cache miss)
934 http fetch GET 200 https://registry.npmjs.org/@swc/helpers/-/helpers-0.5.15.tgz 7398ms (cache miss)
935 http fetch GET 200 https://registry.npmjs.org/@next/swc-win32-x64-msvc/-/swc-win32-x64-msvc-16.2.10.tgz 15510ms (cache miss)
936 http fetch GET 200 https://registry.npmjs.org/next/-/next-16.2.10.tgz 90634ms (cache miss)
937 info run sharp@0.34.5 install node_modules/sharp node install/check.js || npm run build
938 info run sharp@0.34.5 install { code: 0, signal: null }
939 silly ADD node_modules/detect-libc
940 silly ADD node_modules/@img/sharp-win32-x64
941 silly ADD node_modules/@img/colour
942 silly ADD node_modules/sharp
943 silly ADD node_modules/baseline-browser-mapping
944 silly ADD node_modules/semver
945 silly CHANGE node_modules/styled-jsx
946 silly REMOVE node_modules/streamsearch
947 silly CHANGE node_modules/scheduler
948 silly CHANGE node_modules/react-dom
949 silly CHANGE node_modules/react
950 silly CHANGE node_modules/next
951 silly REMOVE node_modules/loose-envify
952 silly REMOVE node_modules/js-tokens
953 silly REMOVE node_modules/graceful-fs
954 silly REMOVE node_modules/busboy
955 silly CHANGE node_modules/@swc/helpers
956 silly REMOVE node_modules/@swc/counter
957 silly CHANGE node_modules/@next/swc-win32-x64-msvc
958 silly CHANGE node_modules/@next/env
959 verbose cwd C:\Users\HP\mamaai
960 verbose os Windows_NT 10.0.19045
961 verbose node v22.20.0
962 verbose npm  v11.13.0
963 verbose exit 0
964 info ok
